2013-08-19 14:54:43,622 INFO  [org.pentaho.pac.server.JettyServer] Console is starting
2013-08-19 14:54:43,701 INFO  [/] org.pentaho.pac.server.BrowserLocaleServlet-447671000: init
2013-08-19 14:54:43,703 INFO  [/] org.pentaho.pac.server.DefaultConsoleServlet-571013302: init
2013-08-19 14:54:43,703 INFO  [/] org.pentaho.pac.server.PacServiceImpl-482539870: init
2013-08-19 14:54:43,703 INFO  [/] org.pentaho.pac.server.SchedulerServiceImpl-1862912448: init
2013-08-19 14:54:43,703 INFO  [/] org.pentaho.pac.server.SolutionRepositoryServiceImpl-1811471497: init
2013-08-19 14:54:43,703 INFO  [/] org.pentaho.pac.server.SubscriptionServiceImpl-1807233934: init
2013-08-19 14:54:43,704 INFO  [/] org.pentaho.pac.server.common.HibernateConfigurationServiceImpl-2046606361: init
2013-08-19 14:54:43,704 INFO  [/] org.pentaho.pac.server.common.JdbcDriverDiscoveryServiceImpl-1454641192: init
2013-08-19 14:54:43,735 INFO  [org.pentaho.pac.server.JettyServer] Console is now started. It can be accessed using http://jabuti-piranga:8099 or http://127.0.1.1:8099
2013-08-19 17:39:34,580 INFO  [org.pentaho.pac.server.JettyServer] Waiting to stop the console
2013-08-19 17:39:37,580 INFO  [org.pentaho.pac.server.JettyServer] Stopping the console
2013-08-19 17:39:37,582 INFO  [/] org.pentaho.pac.server.common.HibernateConfigurationServiceImpl-2046606361: destroy
2013-08-19 17:39:37,582 INFO  [/] org.pentaho.pac.server.common.JdbcDriverDiscoveryServiceImpl-1454641192: destroy
2013-08-19 17:39:37,582 INFO  [/] org.pentaho.pac.server.SolutionRepositoryServiceImpl-1811471497: destroy
2013-08-19 17:39:37,583 INFO  [/] org.pentaho.pac.server.SubscriptionServiceImpl-1807233934: destroy
2013-08-19 17:39:37,585 INFO  [/] org.pentaho.pac.server.SchedulerServiceImpl-1862912448: destroy
2013-08-19 17:39:37,586 INFO  [/] org.pentaho.pac.server.PacServiceImpl-482539870: destroy
2013-08-19 17:39:37,586 INFO  [/] org.pentaho.pac.server.BrowserLocaleServlet-447671000: destroy
2013-08-19 17:39:37,586 INFO  [/] org.pentaho.pac.server.DefaultConsoleServlet-571013302: destroy
