/*C69*/SET SCHEMA PUBLIC
CONNECT USER HIBUSER
DISCONNECT
/*C70*/SET SCHEMA PUBLIC
CONNECT USER HIBUSER
DISCONNECT
/*C71*/SET SCHEMA PUBLIC
CONNECT USER HIBUSER
DISCONNECT
/*C72*/SET SCHEMA PUBLIC
CONNECT USER HIBUSER
SET AUTOCOMMIT FALSE
SET AUTOCOMMIT TRUE
SET AUTOCOMMIT FALSE
/*C73*/SET SCHEMA PUBLIC
CONNECT USER PENTAHO_USER
/*C74*/SET SCHEMA PUBLIC
CONNECT USER PENTAHO_USER
/*C75*/SET SCHEMA PUBLIC
CONNECT USER HIBUSER
DISCONNECT
/*C76*/SET SCHEMA PUBLIC
CONNECT USER HIBUSER
DISCONNECT
/*C77*/SET SCHEMA PUBLIC
CONNECT USER HIBUSER
DISCONNECT
/*C78*/SET SCHEMA PUBLIC
CONNECT USER HIBUSER
DISCONNECT
/*C79*/SET SCHEMA PUBLIC
CONNECT USER HIBUSER
DISCONNECT
/*C80*/SET SCHEMA PUBLIC
CONNECT USER HIBUSER
DISCONNECT
/*C81*/SET SCHEMA PUBLIC
CONNECT USER HIBUSER
DISCONNECT
/*C82*/SET SCHEMA PUBLIC
CONNECT USER HIBUSER
DISCONNECT
/*C83*/SET SCHEMA PUBLIC
CONNECT USER HIBUSER
DISCONNECT
/*C84*/SET SCHEMA PUBLIC
CONNECT USER HIBUSER
DISCONNECT
/*C85*/SET SCHEMA PUBLIC
CONNECT USER HIBUSER
DISCONNECT
/*C86*/SET SCHEMA PUBLIC
CONNECT USER HIBUSER
DISCONNECT
/*C87*/SET SCHEMA PUBLIC
CONNECT USER HIBUSER
DISCONNECT
/*C88*/SET SCHEMA PUBLIC
CONNECT USER HIBUSER
DISCONNECT
/*C89*/SET SCHEMA PUBLIC
CONNECT USER HIBUSER
DISCONNECT
/*C90*/SET SCHEMA PUBLIC
CONNECT USER HIBUSER
DISCONNECT
/*C91*/SET SCHEMA PUBLIC
CONNECT USER HIBUSER
DISCONNECT
/*C92*/SET SCHEMA PUBLIC
CONNECT USER HIBUSER
DISCONNECT
/*C93*/SET SCHEMA PUBLIC
CONNECT USER HIBUSER
DISCONNECT
/*C94*/SET SCHEMA PUBLIC
CONNECT USER HIBUSER
SET AUTOCOMMIT FALSE
SET AUTOCOMMIT TRUE
SET AUTOCOMMIT FALSE
/*C95*/SET SCHEMA PUBLIC
CONNECT USER HIBUSER
SET AUTOCOMMIT FALSE
SET AUTOCOMMIT TRUE
SET AUTOCOMMIT FALSE
/*C96*/SET SCHEMA PUBLIC
CONNECT USER HIBUSER
DISCONNECT
/*C97*/SET SCHEMA PUBLIC
CONNECT USER HIBUSER
DISCONNECT
/*C98*/SET SCHEMA PUBLIC
CONNECT USER HIBUSER
DISCONNECT
/*C99*/SET SCHEMA PUBLIC
CONNECT USER HIBUSER
DISCONNECT
/*C100*/SET SCHEMA PUBLIC
CONNECT USER HIBUSER
DISCONNECT
/*C101*/SET SCHEMA PUBLIC
CONNECT USER HIBUSER
DISCONNECT
/*C102*/SET SCHEMA PUBLIC
CONNECT USER HIBUSER
DISCONNECT
/*C103*/SET SCHEMA PUBLIC
CONNECT USER HIBUSER
DISCONNECT
/*C104*/SET SCHEMA PUBLIC
CONNECT USER HIBUSER
DISCONNECT
/*C105*/SET SCHEMA PUBLIC
CONNECT USER HIBUSER
DISCONNECT
/*C106*/SET SCHEMA PUBLIC
CONNECT USER HIBUSER
DISCONNECT
/*C107*/SET SCHEMA PUBLIC
CONNECT USER HIBUSER
DISCONNECT
/*C108*/SET SCHEMA PUBLIC
CONNECT USER HIBUSER
DISCONNECT
/*C109*/SET SCHEMA PUBLIC
CONNECT USER HIBUSER
DISCONNECT
/*C110*/SET SCHEMA PUBLIC
CONNECT USER HIBUSER
DISCONNECT
/*C111*/SET SCHEMA PUBLIC
CONNECT USER HIBUSER
DISCONNECT
/*C112*/SET SCHEMA PUBLIC
CONNECT USER HIBUSER
DISCONNECT
/*C113*/SET SCHEMA PUBLIC
CONNECT USER HIBUSER
DISCONNECT
/*C114*/SET SCHEMA PUBLIC
CONNECT USER HIBUSER
DISCONNECT
/*C115*/SET SCHEMA PUBLIC
CONNECT USER HIBUSER
SET AUTOCOMMIT FALSE
SET AUTOCOMMIT TRUE
SET AUTOCOMMIT FALSE
/*C116*/SET SCHEMA PUBLIC
CONNECT USER HIBUSER
DISCONNECT
/*C117*/SET SCHEMA PUBLIC
CONNECT USER HIBUSER
SET AUTOCOMMIT FALSE
/*C118*/SET SCHEMA PUBLIC
CONNECT USER HIBUSER
SET AUTOCOMMIT FALSE
/*C72*/INSERT INTO USER_SETTINGS VALUES(139,'iguana','MANTLE_SHOW_NAVIGATOR','true')
DELETE FROM USER_SETTINGS WHERE USER_SETTINGS_ID=138
COMMIT
/*C119*/SET SCHEMA PUBLIC
CONNECT USER HIBUSER
DISCONNECT
/*C118*/INSERT INTO USER_SETTINGS VALUES(140,'iguana','MANTLE_SHOW_NAVIGATOR','false')
DELETE FROM USER_SETTINGS WHERE USER_SETTINGS_ID=139
COMMIT
INSERT INTO USER_SETTINGS VALUES(141,'iguana','MANTLE_SHOW_NAVIGATOR','true')
DELETE FROM USER_SETTINGS WHERE USER_SETTINGS_ID=140
COMMIT
INSERT INTO USER_SETTINGS VALUES(142,'iguana','recent','[["/sugarcrm-ce/dashboards/opportunities.wcdf",1374862923004],["/noosfero/dashboards/year_articles.wcdf",1373148402009],["/sugarcrm-ce/dashboards/accounts.wcdf",1373130804304],["/joomla/dashboards/joomla-articles-dashboard.wcdf",1373130751504],["/sugarcrm-ce/analysis/opportunities_sellers_period.analysisview.xaction",1369366204561],["/sugarcrm-ce/analysis/teste2.saiku",1369056758511]]')
DELETE FROM USER_SETTINGS WHERE USER_SETTINGS_ID=135
COMMIT
/*C120*/SET SCHEMA PUBLIC
CONNECT USER HIBUSER
DISCONNECT
/*C121*/SET SCHEMA PUBLIC
CONNECT USER HIBUSER
DISCONNECT
/*C122*/SET SCHEMA PUBLIC
CONNECT USER HIBUSER
DISCONNECT
/*C123*/SET SCHEMA PUBLIC
CONNECT USER HIBUSER
DISCONNECT
/*C124*/SET SCHEMA PUBLIC
CONNECT USER HIBUSER
DISCONNECT
/*C125*/SET SCHEMA PUBLIC
CONNECT USER HIBUSER
DISCONNECT
/*C126*/SET SCHEMA PUBLIC
CONNECT USER HIBUSER
DISCONNECT
/*C127*/SET SCHEMA PUBLIC
CONNECT USER HIBUSER
DISCONNECT
/*C128*/SET SCHEMA PUBLIC
CONNECT USER HIBUSER
DISCONNECT
/*C129*/SET SCHEMA PUBLIC
CONNECT USER HIBUSER
DISCONNECT
/*C130*/SET SCHEMA PUBLIC
CONNECT USER HIBUSER
DISCONNECT
/*C131*/SET SCHEMA PUBLIC
CONNECT USER HIBUSER
DISCONNECT
/*C132*/SET SCHEMA PUBLIC
CONNECT USER HIBUSER
DISCONNECT
/*C133*/SET SCHEMA PUBLIC
CONNECT USER HIBUSER
DISCONNECT
/*C134*/SET SCHEMA PUBLIC
CONNECT USER HIBUSER
DISCONNECT
/*C135*/SET SCHEMA PUBLIC
CONNECT USER HIBUSER
DISCONNECT
/*C136*/SET SCHEMA PUBLIC
CONNECT USER HIBUSER
DISCONNECT
/*C137*/SET SCHEMA PUBLIC
CONNECT USER HIBUSER
DISCONNECT
/*C138*/SET SCHEMA PUBLIC
CONNECT USER HIBUSER
DISCONNECT
/*C139*/SET SCHEMA PUBLIC
CONNECT USER HIBUSER
SET AUTOCOMMIT FALSE
SET AUTOCOMMIT TRUE
SET AUTOCOMMIT FALSE
/*C118*/INSERT INTO USER_SETTINGS VALUES(143,'iguana','recent','[["/joomla/dashboards/joomla-articles-dashboard.wcdf",1374862994486],["/sugarcrm-ce/dashboards/opportunities.wcdf",1374862923004],["/noosfero/dashboards/year_articles.wcdf",1373148402009],["/sugarcrm-ce/dashboards/accounts.wcdf",1373130804304],["/sugarcrm-ce/analysis/opportunities_sellers_period.analysisview.xaction",1369366204561],["/sugarcrm-ce/analysis/teste2.saiku",1369056758511]]')
DELETE FROM USER_SETTINGS WHERE USER_SETTINGS_ID=142
COMMIT
INSERT INTO USER_SETTINGS VALUES(144,'iguana','MANTLE_SHOW_NAVIGATOR','false')
DELETE FROM USER_SETTINGS WHERE USER_SETTINGS_ID=141
COMMIT
INSERT INTO USER_SETTINGS VALUES(145,'iguana','MANTLE_SHOW_NAVIGATOR','true')
DELETE FROM USER_SETTINGS WHERE USER_SETTINGS_ID=144
COMMIT
/*C72*/DISCONNECT
/*C73*/DISCONNECT
/*C74*/DISCONNECT
/*C94*/DISCONNECT
/*C95*/DISCONNECT
/*C115*/DISCONNECT
/*C118*/DISCONNECT
/*C117*/DISCONNECT
/*C139*/DISCONNECT
