Mai 28, 2013 7:32:47 AM org.apache.catalina.core.AprLifecycleListener init
INFO: The APR based Apache Tomcat Native library which allows optimal performance in production environments was not found on the java.library.path: /usr/java/packages/lib/amd64:/usr/lib/jni:/lib:/usr/lib
Mai 28, 2013 7:32:47 AM org.apache.coyote.http11.Http11Protocol init
INFO: Initializing Coyote HTTP/1.1 on http-8080
Mai 28, 2013 7:32:47 AM org.apache.catalina.startup.Catalina load
INFO: Initialization processed in 781 ms
Mai 28, 2013 7:32:47 AM org.apache.catalina.core.StandardService start
INFO: Starting service Catalina
Mai 28, 2013 7:32:47 AM org.apache.catalina.core.StandardEngine start
INFO: Starting Servlet Engine: Apache Tomcat/6.0.29
Mai 28, 2013 7:32:47 AM org.apache.catalina.startup.HostConfig deployDescriptor
INFO: Deploying configuration descriptor pentaho.xml
Mai 28, 2013 7:32:50 AM org.apache.catalina.startup.ContextConfig validateSecurityRoles
INFO: WARNING: Security role name PENTAHO_ADMIN used in an <auth-constraint> without being defined in a <security-role>
Mai 28, 2013 7:33:11 AM com.orientechnologies.common.log.OLogManager log
INFO: OrientDB Server v1.0.1 is starting up...
Mai 28, 2013 7:33:11 AM com.orientechnologies.common.log.OLogManager log
INFO: -> Loaded memory database 'temp'
Mai 28, 2013 7:33:14 AM com.orientechnologies.common.log.OLogManager log
INFO: -> Loaded local database 'webdetails'
Mai 28, 2013 7:33:19 AM com.orientechnologies.common.log.OLogManager log
INFO: Listening binary connections on 0.0.0.0:2424
Mai 28, 2013 7:33:19 AM com.orientechnologies.common.log.OLogManager log
INFO: Listening http connections on localhost:2480
Mai 28, 2013 7:33:19 AM com.orientechnologies.common.log.OLogManager log
INFO: OrientDB Server v1.0.1 is active.
Mai 28, 2013 7:33:21 AM com.sun.jersey.api.core.PackagesResourceConfig init
INFO: Scanning for root resource and provider classes in the packages:
  org.saiku.web
Mai 28, 2013 7:33:21 AM com.sun.jersey.api.core.ScanningResourceConfig logClasses
INFO: Root resource classes found:
  class org.saiku.web.rest.resources.BasicTagRepositoryResource
  class org.saiku.web.rest.resources.BasicRepositoryResource
  class org.saiku.web.rest.resources.SessionResource
  class org.saiku.web.rest.resources.OlapDiscoverResource
  class org.saiku.web.rest.resources.DataSourceResource
  class org.saiku.web.rest.resources.QueryResource
  class org.saiku.web.rest.resources.BasicRepositoryResource2
Mai 28, 2013 7:33:21 AM com.sun.jersey.api.core.ScanningResourceConfig init
INFO: No provider classes found.
Mai 28, 2013 7:33:21 AM org.codehaus.enunciate.modules.jersey.EnunciateJerseyServletContainer configure
INFO: org.codehaus.enunciate.modules.amf.JAXRSProvider not found.
Mai 28, 2013 7:33:21 AM com.sun.jersey.spi.spring.container.SpringComponentProviderFactory registerSpringBeans
INFO: Registering Spring bean, datasourceResourceBean, of type org.saiku.web.rest.resources.DataSourceResource as a root resource class
Mai 28, 2013 7:33:21 AM com.sun.jersey.spi.spring.container.SpringComponentProviderFactory registerSpringBeans
INFO: Registering Spring bean, olapDiscoverBean, of type org.saiku.web.rest.resources.OlapDiscoverResource as a root resource class
Mai 28, 2013 7:33:21 AM com.sun.jersey.spi.spring.container.SpringComponentProviderFactory registerSpringBeans
INFO: Registering Spring bean, queryResource, of type org.saiku.web.rest.resources.QueryResource as a root resource class
Mai 28, 2013 7:33:21 AM com.sun.jersey.spi.spring.container.SpringComponentProviderFactory registerSpringBeans
INFO: Registering Spring bean, sessionResource, of type org.saiku.web.rest.resources.SessionResource as a root resource class
Mai 28, 2013 7:33:21 AM com.sun.jersey.spi.spring.container.SpringComponentProviderFactory registerSpringBeans
INFO: Registering Spring bean, repositoryBean, of type org.saiku.plugin.resources.PentahoRepositoryResource as a root resource class
Mai 28, 2013 7:33:21 AM com.sun.jersey.spi.spring.container.SpringComponentProviderFactory registerSpringBeans
INFO: Registering Spring bean, repositoryBean2, of type org.saiku.plugin.resources.PentahoRepositoryResource2 as a root resource class
Mai 28, 2013 7:33:21 AM com.sun.jersey.spi.spring.container.SpringComponentProviderFactory registerSpringBeans
INFO: Registering Spring bean, pluginResource, of type org.saiku.plugin.resources.PluginResource as a root resource class
Mai 28, 2013 7:33:21 AM com.sun.jersey.server.impl.application.WebApplicationImpl _initiate
INFO: Initiating Jersey application, version 'Jersey: 1.11 12/09/2011 10:27 AM'
Mai 28, 2013 7:33:22 AM com.sun.jersey.api.core.PackagesResourceConfig init
INFO: Scanning for root resource and provider classes in the packages:
  org.saiku.adhoc.rest
Mai 28, 2013 7:33:22 AM com.sun.jersey.api.core.ScanningResourceConfig logClasses
INFO: Root resource classes found:
  class org.saiku.adhoc.rest.PentahoRepositoryResource
  class org.saiku.adhoc.rest.MetadataDiscoverResource
  class org.saiku.adhoc.rest.StandaloneCdaResource
  class org.saiku.adhoc.rest.QueryResource
  class org.saiku.adhoc.rest.ExportResource
Mai 28, 2013 7:33:22 AM com.sun.jersey.api.core.ScanningResourceConfig init
INFO: No provider classes found.
Mai 28, 2013 7:33:22 AM com.sun.jersey.spi.spring.container.SpringComponentProviderFactory registerSpringBeans
INFO: Registering Spring bean, metadataResource, of type org.saiku.adhoc.rest.MetadataDiscoverResource as a root resource class
Mai 28, 2013 7:33:22 AM com.sun.jersey.spi.spring.container.SpringComponentProviderFactory registerSpringBeans
INFO: Registering Spring bean, pentahoRepositoryResource, of type org.saiku.adhoc.rest.PentahoRepositoryResource as a root resource class
Mai 28, 2013 7:33:22 AM com.sun.jersey.spi.spring.container.SpringComponentProviderFactory registerSpringBeans
INFO: Registering Spring bean, queryResource, of type org.saiku.adhoc.rest.QueryResource as a root resource class
Mai 28, 2013 7:33:22 AM com.sun.jersey.spi.spring.container.SpringComponentProviderFactory registerSpringBeans
INFO: Registering Spring bean, exportResource, of type org.saiku.adhoc.rest.ExportResource as a root resource class
Mai 28, 2013 7:33:22 AM com.sun.jersey.server.impl.application.WebApplicationImpl _initiate
INFO: Initiating Jersey application, version 'Jersey: 1.6 03/25/2011 01:14 PM'
Mai 28, 2013 7:33:25 AM com.sun.jersey.api.core.PackagesResourceConfig init
INFO: Scanning for root resource and provider classes in the packages:
  org.openi.web.rest
Mai 28, 2013 7:33:25 AM com.sun.jersey.api.core.ScanningResourceConfig logClasses
INFO: Root resource classes found:
  class org.openi.web.rest.QueryResource
  class org.openi.web.rest.WCFComponentResource
  class org.openi.web.rest.ExploreDataResource
  class org.openi.web.rest.DatasourceResource
  class org.openi.web.rest.OlapDiscoverResource
  class org.openi.web.rest.AnalysisResource
Mai 28, 2013 7:33:25 AM com.sun.jersey.api.core.ScanningResourceConfig init
INFO: No provider classes found.
Mai 28, 2013 7:33:25 AM com.sun.jersey.spi.spring.container.SpringComponentProviderFactory registerSpringBeans
INFO: Registering Spring bean, org.openi.web.rest.WCFComponentResource#0, of type org.openi.web.rest.WCFComponentResource as a root resource class
Mai 28, 2013 7:33:25 AM com.sun.jersey.spi.spring.container.SpringComponentProviderFactory registerSpringBeans
INFO: Registering Spring bean, org.openi.web.rest.QueryResource#0, of type org.openi.web.rest.QueryResource as a root resource class
Mai 28, 2013 7:33:25 AM com.sun.jersey.spi.spring.container.SpringComponentProviderFactory registerSpringBeans
INFO: Registering Spring bean, org.openi.web.rest.DatasourceResource#0, of type org.openi.web.rest.DatasourceResource as a root resource class
Mai 28, 2013 7:33:25 AM com.sun.jersey.spi.spring.container.SpringComponentProviderFactory registerSpringBeans
INFO: Registering Spring bean, org.openi.web.rest.AnalysisResource#0, of type org.openi.web.rest.AnalysisResource as a root resource class
Mai 28, 2013 7:33:25 AM com.sun.jersey.spi.spring.container.SpringComponentProviderFactory registerSpringBeans
INFO: Registering Spring bean, org.openi.web.rest.OlapDiscoverResource#0, of type org.openi.web.rest.OlapDiscoverResource as a root resource class
Mai 28, 2013 7:33:25 AM com.sun.jersey.spi.spring.container.SpringComponentProviderFactory registerSpringBeans
INFO: Registering Spring bean, org.openi.web.rest.ExploreDataResource#0, of type org.openi.web.rest.ExploreDataResource as a root resource class
Mai 28, 2013 7:33:25 AM com.sun.jersey.server.impl.application.WebApplicationImpl _initiate
INFO: Initiating Jersey application, version 'Jersey: 1.8 06/24/2011 12:17 PM'
Mai 28, 2013 7:33:27 AM org.apache.catalina.startup.HostConfig deployDirectory
INFO: Deploying web application directory pentaho-style
Mai 28, 2013 7:33:27 AM org.apache.catalina.startup.HostConfig deployDirectory
INFO: Deploying web application directory ROOT
Mai 28, 2013 7:33:27 AM org.apache.catalina.startup.HostConfig deployDirectory
INFO: Deploying web application directory sw-style
Mai 28, 2013 7:33:27 AM org.apache.coyote.http11.Http11Protocol start
INFO: Starting Coyote HTTP/1.1 on http-8080
Mai 28, 2013 7:33:27 AM org.apache.jk.common.ChannelSocket init
INFO: JK: ajp13 listening on /0.0.0.0:8009
Mai 28, 2013 7:33:27 AM org.apache.jk.server.JkMain start
INFO: Jk running ID=0 time=0/29  config=null
Mai 28, 2013 7:33:27 AM org.apache.catalina.startup.Catalina start
INFO: Server startup in 39788 ms
