Jul 25, 2013 8:14:14 PM com.orientechnologies.common.log.OLogManager log
INFO: OrientDB Server is shutdowning...
Jul 25, 2013 8:14:14 PM org.apache.coyote.http11.Http11Protocol pause
INFO: Pausing Coyote HTTP/1.1 on http-8080
Jul 25, 2013 8:14:15 PM org.apache.catalina.core.StandardService stop
INFO: Stopping service Catalina
Jul 25, 2013 8:14:15 PM org.apache.catalina.loader.WebappClassLoader clearReferencesJdbc
SEVERE: The web application [/pentaho] registered the JBDC driver [mondrian.olap4j.MondrianOlap4jDriver] but failed to unregister it when the web application was stopped. To prevent a memory leak, the JDBC Driver has been forcibly unregistered.
Jul 25, 2013 8:14:15 PM org.apache.catalina.loader.WebappClassLoader clearReferencesThreads
SEVERE: The web application [/pentaho] appears to have started a thread named [HSQLDB Timer @6400cd3a] but has failed to stop it. This is very likely to create a memory leak.
Jul 25, 2013 8:14:15 PM org.apache.catalina.loader.WebappClassLoader clearReferencesThreads
SEVERE: The web application [/pentaho] appears to have started a thread named [Timer-0] but has failed to stop it. This is very likely to create a memory leak.
Jul 25, 2013 8:14:15 PM org.apache.catalina.loader.WebappClassLoader clearReferencesThreads
SEVERE: The web application [/pentaho] appears to have started a thread named [net.sf.ehcache.CacheManager@41626a6] but has failed to stop it. This is very likely to create a memory leak.
Jul 25, 2013 8:14:15 PM org.apache.catalina.loader.WebappClassLoader clearReferencesThreads
SEVERE: The web application [/pentaho] appears to have started a thread named [Store pentaho-geo-countrycode3 Spool Thread] but has failed to stop it. This is very likely to create a memory leak.
Jul 25, 2013 8:14:15 PM org.apache.catalina.loader.WebappClassLoader clearReferencesThreads
SEVERE: The web application [/pentaho] appears to have started a thread named [Store pentaho-geo-countrysubdivision Spool Thread] but has failed to stop it. This is very likely to create a memory leak.
Jul 25, 2013 8:14:15 PM org.apache.catalina.loader.WebappClassLoader clearReferencesThreads
SEVERE: The web application [/pentaho] appears to have started a thread named [Store org.pentaho.platform.repository.solution.dbbased.RepositoryFile.childrenFiles Spool Thread] but has failed to stop it. This is very likely to create a memory leak.
Jul 25, 2013 8:14:15 PM org.apache.catalina.loader.WebappClassLoader clearReferencesThreads
SEVERE: The web application [/pentaho] appears to have started a thread named [Store org.pentaho.platform.repository.solution.dbbased.RepositoryFile Spool Thread] but has failed to stop it. This is very likely to create a memory leak.
Jul 25, 2013 8:14:15 PM org.apache.catalina.loader.WebappClassLoader clearReferencesThreads
SEVERE: The web application [/pentaho] appears to have started a thread named [Store mondrian-catalog-cache Spool Thread] but has failed to stop it. This is very likely to create a memory leak.
Jul 25, 2013 8:14:15 PM org.apache.catalina.loader.WebappClassLoader clearReferencesThreads
SEVERE: The web application [/pentaho] appears to have started a thread named [Store pentaho-geo-countrysecondarysubdivision Spool Thread] but has failed to stop it. This is very likely to create a memory leak.
Jul 25, 2013 8:14:15 PM org.apache.catalina.loader.WebappClassLoader clearReferencesThreads
SEVERE: The web application [/pentaho] appears to have started a thread named [Store pentaho-geo-countrycode Spool Thread] but has failed to stop it. This is very likely to create a memory leak.
Jul 25, 2013 8:14:15 PM org.apache.catalina.loader.WebappClassLoader clearReferencesThreads
SEVERE: The web application [/pentaho] appears to have started a thread named [Store org.pentaho.platform.repository.solution.dbbased.RepositoryFile.accessControls Spool Thread] but has failed to stop it. This is very likely to create a memory leak.
Jul 25, 2013 8:14:15 PM org.apache.catalina.loader.WebappClassLoader clearReferencesThreads
SEVERE: The web application [/pentaho] appears to have started a thread named [Store pentahoCache Spool Thread] but has failed to stop it. This is very likely to create a memory leak.
Jul 25, 2013 8:14:15 PM org.apache.catalina.loader.WebappClassLoader clearReferencesThreads
SEVERE: The web application [/pentaho] appears to have started a thread named [Store libloader-data Spool Thread] but has failed to stop it. This is very likely to create a memory leak.
Jul 25, 2013 8:14:15 PM org.apache.catalina.loader.WebappClassLoader clearReferencesThreads
SEVERE: The web application [/pentaho] appears to have started a thread named [Store pentaho-geo-country Spool Thread] but has failed to stop it. This is very likely to create a memory leak.
Jul 25, 2013 8:14:15 PM org.apache.catalina.loader.WebappClassLoader clearReferencesThreads
SEVERE: The web application [/pentaho] appears to have started a thread named [Store pentaho-geo-municipality Spool Thread] but has failed to stop it. This is very likely to create a memory leak.
Jul 25, 2013 8:14:15 PM org.apache.catalina.loader.WebappClassLoader clearReferencesThreads
SEVERE: The web application [/pentaho] appears to have started a thread named [Store pentaho-geo-countrysubdivisioncode Spool Thread] but has failed to stop it. This is very likely to create a memory leak.
Jul 25, 2013 8:14:15 PM org.apache.catalina.loader.WebappClassLoader clearReferencesThreads
SEVERE: The web application [/pentaho] appears to have started a thread named [Store pentaho-geo-postalcode Spool Thread] but has failed to stop it. This is very likely to create a memory leak.
Jul 25, 2013 8:14:15 PM org.apache.catalina.loader.WebappClassLoader clearReferencesThreads
SEVERE: The web application [/pentaho] appears to have started a thread named [net.sf.ehcache.CacheManager@619de79e] but has failed to stop it. This is very likely to create a memory leak.
Jul 25, 2013 8:14:15 PM org.apache.catalina.loader.WebappClassLoader clearReferencesThreads
SEVERE: The web application [/pentaho] appears to have started a thread named [Store org.pentaho.platform.repository.solution.dbbased.RepositoryFile Spool Thread] but has failed to stop it. This is very likely to create a memory leak.
Jul 25, 2013 8:14:15 PM org.apache.catalina.loader.WebappClassLoader clearReferencesThreads
SEVERE: The web application [/pentaho] appears to have started a thread named [Store pentaho-geo-countrycode Spool Thread] but has failed to stop it. This is very likely to create a memory leak.
Jul 25, 2013 8:14:15 PM org.apache.catalina.loader.WebappClassLoader clearReferencesThreads
SEVERE: The web application [/pentaho] appears to have started a thread named [Store pentaho-geo-municipality Spool Thread] but has failed to stop it. This is very likely to create a memory leak.
Jul 25, 2013 8:14:15 PM org.apache.catalina.loader.WebappClassLoader clearReferencesThreads
SEVERE: The web application [/pentaho] appears to have started a thread named [Store pentaho-geo-countrysecondarysubdivision Spool Thread] but has failed to stop it. This is very likely to create a memory leak.
Jul 25, 2013 8:14:15 PM org.apache.catalina.loader.WebappClassLoader clearReferencesThreads
SEVERE: The web application [/pentaho] appears to have started a thread named [Store mondrian-catalog-cache Spool Thread] but has failed to stop it. This is very likely to create a memory leak.
Jul 25, 2013 8:14:15 PM org.apache.catalina.loader.WebappClassLoader clearReferencesThreads
SEVERE: The web application [/pentaho] appears to have started a thread named [Store pentaho-geo-countrycode3 Spool Thread] but has failed to stop it. This is very likely to create a memory leak.
Jul 25, 2013 8:14:15 PM org.apache.catalina.loader.WebappClassLoader clearReferencesThreads
SEVERE: The web application [/pentaho] appears to have started a thread named [Store pentahoCache Spool Thread] but has failed to stop it. This is very likely to create a memory leak.
Jul 25, 2013 8:14:15 PM org.apache.catalina.loader.WebappClassLoader clearReferencesThreads
SEVERE: The web application [/pentaho] appears to have started a thread named [Store pentaho-geo-country Spool Thread] but has failed to stop it. This is very likely to create a memory leak.
Jul 25, 2013 8:14:15 PM org.apache.catalina.loader.WebappClassLoader clearReferencesThreads
SEVERE: The web application [/pentaho] appears to have started a thread named [Store libloader-data Spool Thread] but has failed to stop it. This is very likely to create a memory leak.
Jul 25, 2013 8:14:15 PM org.apache.catalina.loader.WebappClassLoader clearReferencesThreads
SEVERE: The web application [/pentaho] appears to have started a thread named [Store org.pentaho.platform.repository.solution.dbbased.RepositoryFile.childrenFiles Spool Thread] but has failed to stop it. This is very likely to create a memory leak.
Jul 25, 2013 8:14:15 PM org.apache.catalina.loader.WebappClassLoader clearReferencesThreads
SEVERE: The web application [/pentaho] appears to have started a thread named [Store pentaho-geo-countrysubdivisioncode Spool Thread] but has failed to stop it. This is very likely to create a memory leak.
Jul 25, 2013 8:14:15 PM org.apache.catalina.loader.WebappClassLoader clearReferencesThreads
SEVERE: The web application [/pentaho] appears to have started a thread named [Store org.pentaho.platform.repository.solution.dbbased.RepositoryFile.accessControls Spool Thread] but has failed to stop it. This is very likely to create a memory leak.
Jul 25, 2013 8:14:15 PM org.apache.catalina.loader.WebappClassLoader clearReferencesThreads
SEVERE: The web application [/pentaho] appears to have started a thread named [Store pentaho-geo-postalcode Spool Thread] but has failed to stop it. This is very likely to create a memory leak.
Jul 25, 2013 8:14:15 PM org.apache.catalina.loader.WebappClassLoader clearReferencesThreads
SEVERE: The web application [/pentaho] appears to have started a thread named [Store pentaho-geo-countrysubdivision Spool Thread] but has failed to stop it. This is very likely to create a memory leak.
Jul 25, 2013 8:14:15 PM org.apache.catalina.loader.WebappClassLoader clearReferencesThreads
SEVERE: The web application [/pentaho] appears to have started a thread named [Telemetry Event Sender Thread] but has failed to stop it. This is very likely to create a memory leak.
Jul 25, 2013 8:14:15 PM org.apache.catalina.loader.WebappClassLoader clearReferencesThreads
SEVERE: The web application [/pentaho] appears to have started a thread named [Telemetry Event keeper Thread] but has failed to stop it. This is very likely to create a memory leak.
Jul 25, 2013 8:14:15 PM org.apache.catalina.loader.WebappClassLoader clearReferencesThreads
SEVERE: The web application [/pentaho] appears to have started a thread named [Timer-1] but has failed to stop it. This is very likely to create a memory leak.
Jul 25, 2013 8:14:15 PM org.apache.catalina.loader.WebappClassLoader clearReferencesThreads
SEVERE: The web application [/pentaho] appears to have started a thread named [net.sf.ehcache.CacheManager@373c00a6] but has failed to stop it. This is very likely to create a memory leak.
Jul 25, 2013 8:14:15 PM org.apache.catalina.loader.WebappClassLoader clearReferencesThreads
SEVERE: The web application [/pentaho] appears to have started a thread named [Store pentaho-geo-countrysubdivision Spool Thread] but has failed to stop it. This is very likely to create a memory leak.
Jul 25, 2013 8:14:15 PM org.apache.catalina.loader.WebappClassLoader clearReferencesThreads
SEVERE: The web application [/pentaho] appears to have started a thread named [Store pentaho-geo-postalcode Spool Thread] but has failed to stop it. This is very likely to create a memory leak.
Jul 25, 2013 8:14:15 PM org.apache.catalina.loader.WebappClassLoader clearReferencesThreads
SEVERE: The web application [/pentaho] appears to have started a thread named [Store pentaho-geo-municipality Spool Thread] but has failed to stop it. This is very likely to create a memory leak.
Jul 25, 2013 8:14:15 PM org.apache.catalina.loader.WebappClassLoader clearReferencesThreads
SEVERE: The web application [/pentaho] appears to have started a thread named [Store org.pentaho.platform.repository.solution.dbbased.RepositoryFile.accessControls Spool Thread] but has failed to stop it. This is very likely to create a memory leak.
Jul 25, 2013 8:14:15 PM org.apache.catalina.loader.WebappClassLoader clearReferencesThreads
SEVERE: The web application [/pentaho] appears to have started a thread named [Store org.pentaho.platform.repository.solution.dbbased.RepositoryFile.childrenFiles Spool Thread] but has failed to stop it. This is very likely to create a memory leak.
Jul 25, 2013 8:14:15 PM org.apache.catalina.loader.WebappClassLoader clearReferencesThreads
SEVERE: The web application [/pentaho] appears to have started a thread named [Store pentaho-geo-countrycode Spool Thread] but has failed to stop it. This is very likely to create a memory leak.
Jul 25, 2013 8:14:15 PM org.apache.catalina.loader.WebappClassLoader clearReferencesThreads
SEVERE: The web application [/pentaho] appears to have started a thread named [Store pentaho-geo-countrycode3 Spool Thread] but has failed to stop it. This is very likely to create a memory leak.
Jul 25, 2013 8:14:15 PM org.apache.catalina.loader.WebappClassLoader clearReferencesThreads
SEVERE: The web application [/pentaho] appears to have started a thread named [Store mondrian-catalog-cache Spool Thread] but has failed to stop it. This is very likely to create a memory leak.
Jul 25, 2013 8:14:15 PM org.apache.catalina.loader.WebappClassLoader clearReferencesThreads
SEVERE: The web application [/pentaho] appears to have started a thread named [Store pentaho-geo-countrysubdivisioncode Spool Thread] but has failed to stop it. This is very likely to create a memory leak.
Jul 25, 2013 8:14:15 PM org.apache.catalina.loader.WebappClassLoader clearReferencesThreads
SEVERE: The web application [/pentaho] appears to have started a thread named [Store pentahoCache Spool Thread] but has failed to stop it. This is very likely to create a memory leak.
Jul 25, 2013 8:14:15 PM org.apache.catalina.loader.WebappClassLoader clearReferencesThreads
SEVERE: The web application [/pentaho] appears to have started a thread named [Store org.pentaho.platform.repository.solution.dbbased.RepositoryFile Spool Thread] but has failed to stop it. This is very likely to create a memory leak.
Jul 25, 2013 8:14:15 PM org.apache.catalina.loader.WebappClassLoader clearReferencesThreads
SEVERE: The web application [/pentaho] appears to have started a thread named [Store pentaho-geo-countrysecondarysubdivision Spool Thread] but has failed to stop it. This is very likely to create a memory leak.
Jul 25, 2013 8:14:15 PM org.apache.catalina.loader.WebappClassLoader clearReferencesThreads
SEVERE: The web application [/pentaho] appears to have started a thread named [Store pentaho-geo-country Spool Thread] but has failed to stop it. This is very likely to create a memory leak.
Jul 25, 2013 8:14:15 PM org.apache.catalina.loader.WebappClassLoader clearReferencesThreads
SEVERE: The web application [/pentaho] appears to have started a thread named [Store libloader-data Spool Thread] but has failed to stop it. This is very likely to create a memory leak.
Jul 25, 2013 8:14:15 PM org.apache.catalina.loader.WebappClassLoader clearReferencesThreads
SEVERE: The web application [/pentaho] appears to have started a thread named [Timer-2] but has failed to stop it. This is very likely to create a memory leak.
Jul 25, 2013 8:14:15 PM org.apache.catalina.loader.WebappClassLoader clearReferencesThreads
SEVERE: The web application [/pentaho] appears to have started a thread named [Timer-3] but has failed to stop it. This is very likely to create a memory leak.
Jul 25, 2013 8:14:15 PM org.apache.catalina.loader.WebappClassLoader clearReferencesThreads
SEVERE: The web application [/pentaho] appears to have started a thread named [net.sf.ehcache.CacheManager@16be1c6c] but has failed to stop it. This is very likely to create a memory leak.
Jul 25, 2013 8:14:15 PM org.apache.catalina.loader.WebappClassLoader clearReferencesThreads
SEVERE: The web application [/pentaho] appears to have started a thread named [Store libloader-data Spool Thread] but has failed to stop it. This is very likely to create a memory leak.
Jul 25, 2013 8:14:15 PM org.apache.catalina.loader.WebappClassLoader clearReferencesThreads
SEVERE: The web application [/pentaho] appears to have started a thread named [Store pentaho-geo-countrysubdivision Spool Thread] but has failed to stop it. This is very likely to create a memory leak.
Jul 25, 2013 8:14:15 PM org.apache.catalina.loader.WebappClassLoader clearReferencesThreads
SEVERE: The web application [/pentaho] appears to have started a thread named [Store pentaho-geo-countrycode Spool Thread] but has failed to stop it. This is very likely to create a memory leak.
Jul 25, 2013 8:14:15 PM org.apache.catalina.loader.WebappClassLoader clearReferencesThreads
SEVERE: The web application [/pentaho] appears to have started a thread named [Store org.pentaho.platform.repository.solution.dbbased.RepositoryFile.childrenFiles Spool Thread] but has failed to stop it. This is very likely to create a memory leak.
Jul 25, 2013 8:14:15 PM org.apache.catalina.loader.WebappClassLoader clearReferencesThreads
SEVERE: The web application [/pentaho] appears to have started a thread named [Store mondrian-catalog-cache Spool Thread] but has failed to stop it. This is very likely to create a memory leak.
Jul 25, 2013 8:14:15 PM org.apache.catalina.loader.WebappClassLoader clearReferencesThreads
SEVERE: The web application [/pentaho] appears to have started a thread named [Store pentaho-geo-postalcode Spool Thread] but has failed to stop it. This is very likely to create a memory leak.
Jul 25, 2013 8:14:15 PM org.apache.catalina.loader.WebappClassLoader clearReferencesThreads
SEVERE: The web application [/pentaho] appears to have started a thread named [Store pentaho-geo-municipality Spool Thread] but has failed to stop it. This is very likely to create a memory leak.
Jul 25, 2013 8:14:15 PM org.apache.catalina.loader.WebappClassLoader clearReferencesThreads
SEVERE: The web application [/pentaho] appears to have started a thread named [Store pentaho-geo-country Spool Thread] but has failed to stop it. This is very likely to create a memory leak.
Jul 25, 2013 8:14:15 PM org.apache.catalina.loader.WebappClassLoader clearReferencesThreads
SEVERE: The web application [/pentaho] appears to have started a thread named [Store pentaho-geo-countrysubdivisioncode Spool Thread] but has failed to stop it. This is very likely to create a memory leak.
Jul 25, 2013 8:14:15 PM org.apache.catalina.loader.WebappClassLoader clearReferencesThreads
SEVERE: The web application [/pentaho] appears to have started a thread named [Store org.pentaho.platform.repository.solution.dbbased.RepositoryFile.accessControls Spool Thread] but has failed to stop it. This is very likely to create a memory leak.
Jul 25, 2013 8:14:15 PM org.apache.catalina.loader.WebappClassLoader clearReferencesThreads
SEVERE: The web application [/pentaho] appears to have started a thread named [Store pentaho-geo-countrysecondarysubdivision Spool Thread] but has failed to stop it. This is very likely to create a memory leak.
Jul 25, 2013 8:14:15 PM org.apache.catalina.loader.WebappClassLoader clearReferencesThreads
SEVERE: The web application [/pentaho] appears to have started a thread named [Store org.pentaho.platform.repository.solution.dbbased.RepositoryFile Spool Thread] but has failed to stop it. This is very likely to create a memory leak.
Jul 25, 2013 8:14:15 PM org.apache.catalina.loader.WebappClassLoader clearReferencesThreads
SEVERE: The web application [/pentaho] appears to have started a thread named [Store pentaho-geo-countrycode3 Spool Thread] but has failed to stop it. This is very likely to create a memory leak.
Jul 25, 2013 8:14:15 PM org.apache.catalina.loader.WebappClassLoader clearReferencesThreads
SEVERE: The web application [/pentaho] appears to have started a thread named [Store pentahoCache Spool Thread] but has failed to stop it. This is very likely to create a memory leak.
Jul 25, 2013 8:14:15 PM org.apache.catalina.loader.WebappClassLoader clearReferencesThreads
SEVERE: The web application [/pentaho] appears to have started a thread named [Thread-17] but has failed to stop it. This is very likely to create a memory leak.
Jul 25, 2013 8:14:15 PM org.apache.catalina.loader.WebappClassLoader clearReferencesThreads
SEVERE: The web application [/pentaho] appears to have started a thread named [OrientDB MemoryWatchDog] but has failed to stop it. This is very likely to create a memory leak.
Jul 25, 2013 8:14:15 PM org.apache.catalina.loader.WebappClassLoader clearReferencesThreads
SEVERE: The web application [/pentaho] appears to have started a thread named [OrientDB ONetworkProtocolBinary listen at 0.0.0.0:2424-2430] but has failed to stop it. This is very likely to create a memory leak.
Jul 25, 2013 8:14:15 PM org.apache.catalina.loader.WebappClassLoader clearReferencesThreads
SEVERE: The web application [/pentaho] appears to have started a thread named [OrientDB ONetworkProtocolHttpDb listen at 127.0.0.1:2480-2490] but has failed to stop it. This is very likely to create a memory leak.
Jul 25, 2013 8:14:15 PM org.apache.catalina.loader.WebappClassLoader clearReferencesThreads
SEVERE: The web application [/pentaho] appears to have started a thread named [OrientDB <- BinaryClient (/127.0.0.1:38753)] but has failed to stop it. This is very likely to create a memory leak.
Jul 25, 2013 8:14:15 PM org.apache.catalina.loader.WebappClassLoader clearReferencesThreads
SEVERE: The web application [/pentaho] appears to have started a thread named [OrientDB <- Asynch Client (localhost/127.0.0.1:2424)] but has failed to stop it. This is very likely to create a memory leak.
Jul 25, 2013 8:14:15 PM org.apache.catalina.loader.WebappClassLoader clearReferencesThreads
SEVERE: The web application [/pentaho] appears to have started a thread named [OrientDB MemoryWatchDog] but has failed to stop it. This is very likely to create a memory leak.
Jul 25, 2013 8:14:15 PM org.apache.catalina.loader.WebappClassLoader clearThreadLocalMap
SEVERE: The web application [/pentaho] created a ThreadLocal with key of type [null] (value [null]) and a value of type [org.apache.commons.vfs.provider.FileContentThreadData] (value [org.apache.commons.vfs.provider.FileContentThreadData@78648fd7]) but failed to remove it when the web application was stopped. This is very likely to create a memory leak.
Jul 25, 2013 8:14:15 PM org.apache.catalina.loader.WebappClassLoader clearThreadLocalMap
SEVERE: The web application [/pentaho] created a ThreadLocal with key of type [java.lang.ThreadLocal] (value [java.lang.ThreadLocal@121faa01]) and a value of type [org.pentaho.platform.engine.security.session.TrustedSystemStartupSession] (value [org.pentaho.platform.engine.security.session.TrustedSystemStartupSession@182f8a75]) but failed to remove it when the web application was stopped. This is very likely to create a memory leak.
Jul 25, 2013 8:14:15 PM org.apache.catalina.loader.WebappClassLoader clearThreadLocalMap
SEVERE: The web application [/pentaho] created a ThreadLocal with key of type [null] (value [null]) and a value of type [org.apache.commons.vfs.provider.FileContentThreadData] (value [org.apache.commons.vfs.provider.FileContentThreadData@5cd230f2]) but failed to remove it when the web application was stopped. This is very likely to create a memory leak.
Jul 25, 2013 8:14:15 PM org.apache.catalina.loader.WebappClassLoader clearThreadLocalMap
SEVERE: The web application [/pentaho] created a ThreadLocal with key of type [null] (value [org.pentaho.platform.plugin.services.pluginmgr.PluginMessageLogger$1@6b8b8f79]) and a value of type [java.util.ArrayList] (value [[Discovered plugin pentaho-cdf-dd in pentaho-cdf-dd, Menu addition: wcdf - CDE Dashboard, Content type registered: wcdf - Dashboard Designer, This plugin provides: 1 menu customizations, 1 content types, 1 content generators, 2 overlays, and 0 lifecycle listeners, Discovered plugin marketplace in marketplace, Menu addition: cda_refresh - Marketplace, This plugin provides: 1 menu customizations, 0 content types, 1 content generators, 1 overlays, and 1 lifecycle listeners, Discovered plugin data-access in data-access, This plugin provides: 0 menu customizations, 0 content types, 0 content generators, 0 overlays, and 0 lifecycle listeners, Discovered plugin common-ui in common-ui, This plugin provides: 0 menu customizations, 0 content types, 2 content generators, 0 overlays, and 0 lifecycle listeners, Discovered plugin BI Server default plugin in default-plugin, This plugin provides: 0 menu customizations, 0 content types, 3 content generators, 0 overlays, and 0 lifecycle listeners, Discovered plugin cdb in cdb, This plugin provides: 0 menu customizations, 0 content types, 1 content generators, 1 overlays, and 1 lifecycle listeners, Discovered plugin saiku in saiku, Menu addition: new-saiku - Saiku Analytics, Content type registered: saiku - Saiku Analytics, This plugin provides: 1 menu customizations, 1 content types, 1 content generators, 2 overlays, and 1 lifecycle listeners, Discovered plugin Saiku-Adhoc in saiku-adhoc, Menu addition: new-adhoc - Saiku Reporting, Content type registered: adhoc - Saiku Reporting, This plugin provides: 1 menu customizations, 1 content types, 2 content generators, 1 overlays, and 0 lifecycle listeners, Discovered plugin cda in cda, Menu addition: cda_refresh - CDA Cache, Menu addition: cda_cacheman - CDA Cache Manager, This plugin provides: 2 menu customizations, 0 content types, 1 content generators, 0 overlays, and 1 lifecycle listeners, Discovered plugin reporting in reporting, Content type registered: prpt - Pentaho Report, This plugin provides: 0 menu customizations, 1 content types, 1 content generators, 0 overlays, and 1 lifecycle listeners, Discovered plugin cdv in cdv, This plugin provides: 0 menu customizations, 0 content types, 1 content generators, 1 overlays, and 1 lifecycle listeners, Discovered plugin pentaho-cdf in pentaho-cdf, Content type registered: xcdf - Dashboard, This plugin provides: 0 menu customizations, 1 content types, 1 content generators, 0 overlays, and 1 lifecycle listeners, Discovered plugin cgg in cgg, This plugin provides: 0 menu customizations, 0 content types, 1 content generators, 0 overlays, and 0 lifecycle listeners, Discovered plugin openi in openi, Menu addition: new-openi-analysis - OpenI Analysis Report..., Content type registered: openi - OpenI Analysis Report, This plugin provides: 1 menu customizations, 1 content types, 2 content generators, 2 overlays, and 0 lifecycle listeners, Content generator registered: pentaho-cdf-dd for plugin pentaho-cdf-dd, Plugin pentaho-cdf-dd has registered successfully, Content generator registered: marketplace for plugin marketplace, Plugin marketplace has registered successfully, Plugin data-access has registered successfully, Content generator registered: reposvc for plugin common-ui, Content generator registered: MetadataModelsSvc for plugin common-ui, Plugin common-ui has registered successfully, Content generator registered: ws-services for plugin BI Server default plugin, Content generator registered: ws-run for plugin BI Server default plugin, Content generator registered: ws-wsdl for plugin BI Server default plugin, Plugin BI Server default plugin has registered successfully, Content generator registered: cdb for plugin cdb, Plugin cdb has registered successfully, Content generator registered: saiku for plugin saiku, Plugin saiku has registered successfully, Content generator registered: adhoc-service for plugin Saiku-Adhoc, Content generator registered: saiku-adhoc for plugin Saiku-Adhoc, Plugin Saiku-Adhoc has registered successfully, Content generator registered: cda for plugin cda, Plugin cda has registered successfully, Content generator registered: reporting for plugin reporting, Plugin reporting has registered successfully, Content generator registered: cdv for plugin cdv, Plugin cdv has registered successfully, Content generator registered: pentaho-cdf for plugin pentaho-cdf, Plugin pentaho-cdf has registered successfully, Content generator registered: cgg for plugin cgg, Plugin cgg has registered successfully, Content generator registered: openianalytics for plugin openi, Content generator registered: openianalysis for plugin openi, Plugin openi has registered successfully]]) but failed to remove it when the web application was stopped. This is very likely to create a memory leak.
Jul 25, 2013 8:14:15 PM org.apache.catalina.loader.WebappClassLoader clearThreadLocalMap
SEVERE: The web application [/pentaho] created a ThreadLocal with key of type [null] (value [null]) and a value of type [org.apache.commons.vfs.provider.FileContentThreadData] (value [org.apache.commons.vfs.provider.FileContentThreadData@17788818]) but failed to remove it when the web application was stopped. This is very likely to create a memory leak.
Jul 25, 2013 8:14:15 PM org.apache.catalina.loader.WebappClassLoader clearThreadLocalMap
SEVERE: The web application [/pentaho] created a ThreadLocal with key of type [java.lang.ThreadLocal] (value [java.lang.ThreadLocal@6a2eebb1]) and a value of type [org.pentaho.platform.engine.security.session.TrustedSystemStartupSession] (value [org.pentaho.platform.engine.security.session.TrustedSystemStartupSession@47fd702c]) but failed to remove it when the web application was stopped. This is very likely to create a memory leak.
Jul 25, 2013 8:14:15 PM org.apache.catalina.loader.WebappClassLoader clearThreadLocalMap
SEVERE: The web application [/pentaho] created a ThreadLocal with key of type [java.lang.ThreadLocal] (value [java.lang.ThreadLocal@2e73e7ed]) and a value of type [org.pentaho.platform.engine.security.session.TrustedSystemStartupSession] (value [org.pentaho.platform.engine.security.session.TrustedSystemStartupSession@c115ad9]) but failed to remove it when the web application was stopped. This is very likely to create a memory leak.
Jul 25, 2013 8:14:15 PM org.apache.catalina.loader.WebappClassLoader clearThreadLocalMap
SEVERE: The web application [/pentaho] created a ThreadLocal with key of type [java.lang.ThreadLocal] (value [java.lang.ThreadLocal@3b7f906e]) and a value of type [org.pentaho.platform.engine.security.session.TrustedSystemStartupSession] (value [org.pentaho.platform.engine.security.session.TrustedSystemStartupSession@6dd79234]) but failed to remove it when the web application was stopped. This is very likely to create a memory leak.
Jul 25, 2013 8:14:15 PM org.apache.catalina.loader.WebappClassLoader clearThreadLocalMap
SEVERE: The web application [/pentaho] created a ThreadLocal with key of type [java.lang.ThreadLocal] (value [java.lang.ThreadLocal@33e34446]) and a value of type [org.pentaho.platform.engine.core.system.UserSession] (value [org.pentaho.platform.engine.core.system.UserSession@9c0208a]) but failed to remove it when the web application was stopped. This is very likely to create a memory leak.
Jul 25, 2013 8:14:15 PM org.apache.catalina.loader.WebappClassLoader clearThreadLocalMap
SEVERE: The web application [/pentaho] created a ThreadLocal with key of type [java.lang.ThreadLocal] (value [java.lang.ThreadLocal@d976a47]) and a value of type [org.pentaho.platform.engine.core.system.UserSession] (value [org.pentaho.platform.engine.core.system.UserSession@a17b90b]) but failed to remove it when the web application was stopped. This is very likely to create a memory leak.
Jul 25, 2013 8:14:15 PM org.apache.catalina.loader.WebappClassLoader clearThreadLocalMap
SEVERE: The web application [/pentaho] created a ThreadLocal with key of type [java.lang.ThreadLocal] (value [java.lang.ThreadLocal@4fc26249]) and a value of type [org.pentaho.platform.engine.security.session.TrustedSystemStartupSession] (value [org.pentaho.platform.engine.security.session.TrustedSystemStartupSession@795d780c]) but failed to remove it when the web application was stopped. This is very likely to create a memory leak.
Jul 25, 2013 8:14:15 PM org.apache.catalina.loader.WebappClassLoader clearThreadLocalMap
SEVERE: The web application [/pentaho] created a ThreadLocal with key of type [java.lang.ThreadLocal] (value [java.lang.ThreadLocal@62c2cf87]) and a value of type [org.pentaho.platform.repository.solution.dbbased.DbBasedSolutionRepository] (value [org.pentaho.platform.repository.solution.dbbased.DbBasedSolutionRepository@5e381106]) but failed to remove it when the web application was stopped. This is very likely to create a memory leak.
Jul 25, 2013 8:14:15 PM org.apache.catalina.loader.WebappClassLoader clearThreadLocalMap
SEVERE: The web application [/pentaho] created a ThreadLocal with key of type [java.lang.ThreadLocal] (value [java.lang.ThreadLocal@63c6dab8]) and a value of type [org.hibernate.impl.SessionImpl] (value [SessionImpl(<closed>)]) but failed to remove it when the web application was stopped. This is very likely to create a memory leak.
Jul 25, 2013 8:14:15 PM org.apache.catalina.loader.WebappClassLoader clearThreadLocalMap
SEVERE: The web application [/pentaho] created a ThreadLocal with key of type [null] (value [null]) and a value of type [org.apache.commons.vfs.provider.FileContentThreadData] (value [org.apache.commons.vfs.provider.FileContentThreadData@5eb170f6]) but failed to remove it when the web application was stopped. This is very likely to create a memory leak.
Jul 25, 2013 8:14:15 PM org.apache.catalina.loader.WebappClassLoader clearThreadLocalMap
SEVERE: The web application [/pentaho] created a ThreadLocal with key of type [java.lang.ThreadLocal] (value [java.lang.ThreadLocal@536f570b]) and a value of type [org.hibernate.impl.SessionImpl] (value [SessionImpl(PersistenceContext[entityKeys=[EntityKey[org.pentaho.platform.repository.solution.dbbased.RepositoryFile#0abf6978-8e8f-11e2-b8ad-83d260ed6d77]],collectionKeys=[CollectionKey[org.pentaho.platform.repository.solution.dbbased.RepositoryFile.accessControls#0abf6978-8e8f-11e2-b8ad-83d260ed6d77], CollectionKey[org.pentaho.platform.repository.solution.dbbased.RepositoryFile.childrenFiles#0abf6978-8e8f-11e2-b8ad-83d260ed6d77]]];ActionQueue[insertions=[] updates=[] deletions=[] collectionCreations=[] collectionRemovals=[] collectionUpdates=[]])]) but failed to remove it when the web application was stopped. This is very likely to create a memory leak.
Jul 25, 2013 8:14:15 PM org.apache.catalina.loader.WebappClassLoader clearThreadLocalMap
SEVERE: The web application [/pentaho] created a ThreadLocal with key of type [java.lang.ThreadLocal] (value [java.lang.ThreadLocal@67563f15]) and a value of type [org.pentaho.platform.engine.security.session.TrustedSystemStartupSession] (value [org.pentaho.platform.engine.security.session.TrustedSystemStartupSession@44fb3437]) but failed to remove it when the web application was stopped. This is very likely to create a memory leak.
Jul 25, 2013 8:14:15 PM org.apache.catalina.loader.WebappClassLoader clearThreadLocalMap
SEVERE: The web application [/pentaho] created a ThreadLocal with key of type [java.lang.InheritableThreadLocal] (value [java.lang.InheritableThreadLocal@4f47b0b3]) and a value of type [org.pentaho.platform.engine.security.session.TrustedSystemStartupSession] (value [org.pentaho.platform.engine.security.session.TrustedSystemStartupSession@77ad747]) but failed to remove it when the web application was stopped. This is very likely to create a memory leak.
Jul 25, 2013 8:14:15 PM org.apache.catalina.loader.WebappClassLoader clearThreadLocalMap
SEVERE: The web application [/pentaho] created a ThreadLocal with key of type [java.lang.InheritableThreadLocal] (value [java.lang.InheritableThreadLocal@4f47b0b3]) and a value of type [org.pentaho.platform.engine.security.session.TrustedSystemStartupSession] (value [org.pentaho.platform.engine.security.session.TrustedSystemStartupSession@77ad747]) but failed to remove it when the web application was stopped. This is very likely to create a memory leak.
Jul 25, 2013 8:14:15 PM org.apache.catalina.loader.WebappClassLoader clearThreadLocalMap
SEVERE: The web application [/pentaho] created a ThreadLocal with key of type [java.lang.InheritableThreadLocal] (value [java.lang.InheritableThreadLocal@4f47b0b3]) and a value of type [org.pentaho.platform.engine.security.session.TrustedSystemStartupSession] (value [org.pentaho.platform.engine.security.session.TrustedSystemStartupSession@77ad747]) but failed to remove it when the web application was stopped. This is very likely to create a memory leak.
Jul 25, 2013 8:14:15 PM org.apache.catalina.loader.WebappClassLoader clearThreadLocalMap
SEVERE: The web application [/pentaho] created a ThreadLocal with key of type [java.lang.InheritableThreadLocal] (value [java.lang.InheritableThreadLocal@4f47b0b3]) and a value of type [org.pentaho.platform.engine.security.session.TrustedSystemStartupSession] (value [org.pentaho.platform.engine.security.session.TrustedSystemStartupSession@77ad747]) but failed to remove it when the web application was stopped. This is very likely to create a memory leak.
Jul 25, 2013 8:14:15 PM org.apache.catalina.loader.WebappClassLoader clearThreadLocalMap
SEVERE: The web application [/pentaho] created a ThreadLocal with key of type [java.lang.InheritableThreadLocal] (value [java.lang.InheritableThreadLocal@4f47b0b3]) and a value of type [org.pentaho.platform.engine.security.session.TrustedSystemStartupSession] (value [org.pentaho.platform.engine.security.session.TrustedSystemStartupSession@77ad747]) but failed to remove it when the web application was stopped. This is very likely to create a memory leak.
Jul 25, 2013 8:14:15 PM org.apache.catalina.loader.WebappClassLoader clearThreadLocalMap
SEVERE: The web application [/pentaho] created a ThreadLocal with key of type [java.lang.InheritableThreadLocal] (value [java.lang.InheritableThreadLocal@4f47b0b3]) and a value of type [org.pentaho.platform.engine.security.session.TrustedSystemStartupSession] (value [org.pentaho.platform.engine.security.session.TrustedSystemStartupSession@77ad747]) but failed to remove it when the web application was stopped. This is very likely to create a memory leak.
Jul 25, 2013 8:14:15 PM org.apache.catalina.loader.WebappClassLoader clearThreadLocalMap
SEVERE: The web application [/pentaho] created a ThreadLocal with key of type [java.lang.InheritableThreadLocal] (value [java.lang.InheritableThreadLocal@4f47b0b3]) and a value of type [org.pentaho.platform.engine.security.session.TrustedSystemStartupSession] (value [org.pentaho.platform.engine.security.session.TrustedSystemStartupSession@77ad747]) but failed to remove it when the web application was stopped. This is very likely to create a memory leak.
Jul 25, 2013 8:14:15 PM org.apache.catalina.loader.WebappClassLoader clearThreadLocalMap
SEVERE: The web application [/pentaho] created a ThreadLocal with key of type [java.lang.InheritableThreadLocal] (value [java.lang.InheritableThreadLocal@4f47b0b3]) and a value of type [org.pentaho.platform.engine.security.session.TrustedSystemStartupSession] (value [org.pentaho.platform.engine.security.session.TrustedSystemStartupSession@77ad747]) but failed to remove it when the web application was stopped. This is very likely to create a memory leak.
Jul 25, 2013 8:14:15 PM org.apache.catalina.loader.WebappClassLoader clearThreadLocalMap
SEVERE: The web application [/pentaho] created a ThreadLocal with key of type [java.lang.InheritableThreadLocal] (value [java.lang.InheritableThreadLocal@4f47b0b3]) and a value of type [org.pentaho.platform.engine.security.session.TrustedSystemStartupSession] (value [org.pentaho.platform.engine.security.session.TrustedSystemStartupSession@77ad747]) but failed to remove it when the web application was stopped. This is very likely to create a memory leak.
Jul 25, 2013 8:14:15 PM org.apache.catalina.loader.WebappClassLoader clearThreadLocalMap
SEVERE: The web application [/pentaho] created a ThreadLocal with key of type [java.lang.InheritableThreadLocal] (value [java.lang.InheritableThreadLocal@4f47b0b3]) and a value of type [org.pentaho.platform.engine.security.session.TrustedSystemStartupSession] (value [org.pentaho.platform.engine.security.session.TrustedSystemStartupSession@77ad747]) but failed to remove it when the web application was stopped. This is very likely to create a memory leak.
Jul 25, 2013 8:14:15 PM org.apache.catalina.loader.WebappClassLoader clearThreadLocalMap
SEVERE: The web application [/pentaho] created a ThreadLocal with key of type [java.lang.InheritableThreadLocal] (value [java.lang.InheritableThreadLocal@4f47b0b3]) and a value of type [org.pentaho.platform.engine.security.session.TrustedSystemStartupSession] (value [org.pentaho.platform.engine.security.session.TrustedSystemStartupSession@77ad747]) but failed to remove it when the web application was stopped. This is very likely to create a memory leak.
Jul 25, 2013 8:14:15 PM org.apache.catalina.loader.WebappClassLoader clearThreadLocalMap
SEVERE: The web application [/pentaho] created a ThreadLocal with key of type [java.lang.InheritableThreadLocal] (value [java.lang.InheritableThreadLocal@4f47b0b3]) and a value of type [org.pentaho.platform.engine.security.session.TrustedSystemStartupSession] (value [org.pentaho.platform.engine.security.session.TrustedSystemStartupSession@77ad747]) but failed to remove it when the web application was stopped. This is very likely to create a memory leak.
Jul 25, 2013 8:14:15 PM org.apache.catalina.loader.WebappClassLoader clearThreadLocalMap
SEVERE: The web application [/pentaho] created a ThreadLocal with key of type [java.lang.InheritableThreadLocal] (value [java.lang.InheritableThreadLocal@4f47b0b3]) and a value of type [org.pentaho.platform.engine.security.session.TrustedSystemStartupSession] (value [org.pentaho.platform.engine.security.session.TrustedSystemStartupSession@77ad747]) but failed to remove it when the web application was stopped. This is very likely to create a memory leak.
Jul 25, 2013 8:14:15 PM org.apache.catalina.loader.WebappClassLoader clearThreadLocalMap
SEVERE: The web application [/pentaho] created a ThreadLocal with key of type [java.lang.InheritableThreadLocal] (value [java.lang.InheritableThreadLocal@4f47b0b3]) and a value of type [org.pentaho.platform.engine.security.session.TrustedSystemStartupSession] (value [org.pentaho.platform.engine.security.session.TrustedSystemStartupSession@77ad747]) but failed to remove it when the web application was stopped. This is very likely to create a memory leak.
Jul 25, 2013 8:14:15 PM org.apache.catalina.loader.WebappClassLoader clearThreadLocalMap
SEVERE: The web application [/pentaho] created a ThreadLocal with key of type [java.lang.InheritableThreadLocal] (value [java.lang.InheritableThreadLocal@4f47b0b3]) and a value of type [org.pentaho.platform.engine.security.session.TrustedSystemStartupSession] (value [org.pentaho.platform.engine.security.session.TrustedSystemStartupSession@77ad747]) but failed to remove it when the web application was stopped. This is very likely to create a memory leak.
Jul 25, 2013 8:14:15 PM org.apache.catalina.loader.WebappClassLoader clearThreadLocalMap
SEVERE: The web application [/pentaho] created a ThreadLocal with key of type [java.lang.InheritableThreadLocal] (value [java.lang.InheritableThreadLocal@4f47b0b3]) and a value of type [org.pentaho.platform.engine.security.session.TrustedSystemStartupSession] (value [org.pentaho.platform.engine.security.session.TrustedSystemStartupSession@77ad747]) but failed to remove it when the web application was stopped. This is very likely to create a memory leak.
Jul 25, 2013 8:14:15 PM org.apache.catalina.loader.WebappClassLoader clearThreadLocalMap
SEVERE: The web application [/pentaho] created a ThreadLocal with key of type [java.lang.InheritableThreadLocal] (value [java.lang.InheritableThreadLocal@4f47b0b3]) and a value of type [org.pentaho.platform.engine.security.session.TrustedSystemStartupSession] (value [org.pentaho.platform.engine.security.session.TrustedSystemStartupSession@77ad747]) but failed to remove it when the web application was stopped. This is very likely to create a memory leak.
Jul 25, 2013 8:14:15 PM org.apache.catalina.loader.WebappClassLoader clearThreadLocalMap
SEVERE: The web application [/pentaho] created a ThreadLocal with key of type [java.lang.InheritableThreadLocal] (value [java.lang.InheritableThreadLocal@4f47b0b3]) and a value of type [org.pentaho.platform.engine.security.session.TrustedSystemStartupSession] (value [org.pentaho.platform.engine.security.session.TrustedSystemStartupSession@77ad747]) but failed to remove it when the web application was stopped. This is very likely to create a memory leak.
Jul 25, 2013 8:14:15 PM org.apache.catalina.loader.WebappClassLoader clearThreadLocalMap
SEVERE: The web application [/pentaho] created a ThreadLocal with key of type [java.lang.InheritableThreadLocal] (value [java.lang.InheritableThreadLocal@4f47b0b3]) and a value of type [org.pentaho.platform.engine.security.session.TrustedSystemStartupSession] (value [org.pentaho.platform.engine.security.session.TrustedSystemStartupSession@77ad747]) but failed to remove it when the web application was stopped. This is very likely to create a memory leak.
Jul 25, 2013 8:14:15 PM org.apache.catalina.loader.WebappClassLoader clearThreadLocalMap
SEVERE: The web application [/pentaho] created a ThreadLocal with key of type [java.lang.InheritableThreadLocal] (value [java.lang.InheritableThreadLocal@4f47b0b3]) and a value of type [org.pentaho.platform.engine.security.session.TrustedSystemStartupSession] (value [org.pentaho.platform.engine.security.session.TrustedSystemStartupSession@77ad747]) but failed to remove it when the web application was stopped. This is very likely to create a memory leak.
Jul 25, 2013 8:14:15 PM org.apache.catalina.loader.WebappClassLoader clearThreadLocalMap
SEVERE: The web application [/pentaho] created a ThreadLocal with key of type [java.lang.InheritableThreadLocal] (value [java.lang.InheritableThreadLocal@4f47b0b3]) and a value of type [org.pentaho.platform.engine.security.session.TrustedSystemStartupSession] (value [org.pentaho.platform.engine.security.session.TrustedSystemStartupSession@77ad747]) but failed to remove it when the web application was stopped. This is very likely to create a memory leak.
Jul 25, 2013 8:14:15 PM org.apache.catalina.loader.WebappClassLoader clearThreadLocalMap
SEVERE: The web application [/pentaho] created a ThreadLocal with key of type [java.lang.InheritableThreadLocal] (value [java.lang.InheritableThreadLocal@4f47b0b3]) and a value of type [org.pentaho.platform.engine.security.session.TrustedSystemStartupSession] (value [org.pentaho.platform.engine.security.session.TrustedSystemStartupSession@77ad747]) but failed to remove it when the web application was stopped. This is very likely to create a memory leak.
Jul 25, 2013 8:14:15 PM org.apache.catalina.loader.WebappClassLoader clearThreadLocalMap
SEVERE: The web application [/pentaho] created a ThreadLocal with key of type [java.lang.InheritableThreadLocal] (value [java.lang.InheritableThreadLocal@4f47b0b3]) and a value of type [org.pentaho.platform.engine.security.session.TrustedSystemStartupSession] (value [org.pentaho.platform.engine.security.session.TrustedSystemStartupSession@77ad747]) but failed to remove it when the web application was stopped. This is very likely to create a memory leak.
Jul 25, 2013 8:14:15 PM org.apache.catalina.loader.WebappClassLoader clearThreadLocalMap
SEVERE: The web application [/pentaho] created a ThreadLocal with key of type [java.lang.InheritableThreadLocal] (value [java.lang.InheritableThreadLocal@4f47b0b3]) and a value of type [org.pentaho.platform.engine.security.session.TrustedSystemStartupSession] (value [org.pentaho.platform.engine.security.session.TrustedSystemStartupSession@77ad747]) but failed to remove it when the web application was stopped. This is very likely to create a memory leak.
Jul 25, 2013 8:14:15 PM org.apache.catalina.loader.WebappClassLoader clearThreadLocalMap
SEVERE: The web application [/pentaho] created a ThreadLocal with key of type [java.lang.InheritableThreadLocal] (value [java.lang.InheritableThreadLocal@4f47b0b3]) and a value of type [org.pentaho.platform.engine.security.session.TrustedSystemStartupSession] (value [org.pentaho.platform.engine.security.session.TrustedSystemStartupSession@77ad747]) but failed to remove it when the web application was stopped. This is very likely to create a memory leak.
Jul 25, 2013 8:14:15 PM org.apache.catalina.loader.WebappClassLoader clearThreadLocalMap
SEVERE: The web application [/pentaho] created a ThreadLocal with key of type [java.lang.InheritableThreadLocal] (value [java.lang.InheritableThreadLocal@4f47b0b3]) and a value of type [org.pentaho.platform.engine.security.session.TrustedSystemStartupSession] (value [org.pentaho.platform.engine.security.session.TrustedSystemStartupSession@77ad747]) but failed to remove it when the web application was stopped. This is very likely to create a memory leak.
Jul 25, 2013 8:14:15 PM org.apache.catalina.loader.WebappClassLoader clearThreadLocalMap
SEVERE: The web application [/pentaho] created a ThreadLocal with key of type [java.lang.InheritableThreadLocal] (value [java.lang.InheritableThreadLocal@4f47b0b3]) and a value of type [org.pentaho.platform.engine.security.session.TrustedSystemStartupSession] (value [org.pentaho.platform.engine.security.session.TrustedSystemStartupSession@77ad747]) but failed to remove it when the web application was stopped. This is very likely to create a memory leak.
Jul 25, 2013 8:14:15 PM com.orientechnologies.common.log.OLogManager log
INFO: Shutdowning protocols
Jul 25, 2013 8:14:15 PM org.apache.catalina.loader.WebappClassLoader clearThreadLocalMap
SEVERE: The web application [/pentaho] created a ThreadLocal with key of type [java.lang.InheritableThreadLocal] (value [java.lang.InheritableThreadLocal@4f47b0b3]) and a value of type [org.pentaho.platform.engine.security.session.TrustedSystemStartupSession] (value [org.pentaho.platform.engine.security.session.TrustedSystemStartupSession@77ad747]) but failed to remove it when the web application was stopped. This is very likely to create a memory leak.
Jul 25, 2013 8:14:15 PM com.orientechnologies.common.log.OLogManager log
INFO: Shutdowning listeners:
Jul 25, 2013 8:14:15 PM org.apache.catalina.loader.WebappClassLoader clearThreadLocalMap
SEVERE: The web application [/pentaho] created a ThreadLocal with key of type [java.lang.InheritableThreadLocal] (value [java.lang.InheritableThreadLocal@4f47b0b3]) and a value of type [org.pentaho.platform.engine.security.session.TrustedSystemStartupSession] (value [org.pentaho.platform.engine.security.session.TrustedSystemStartupSession@77ad747]) but failed to remove it when the web application was stopped. This is very likely to create a memory leak.
Jul 25, 2013 8:14:15 PM com.orientechnologies.common.log.OLogManager log
INFO: - ONetworkProtocolBinary /0.0.0.0:2424:
Jul 25, 2013 8:14:15 PM org.apache.catalina.loader.WebappClassLoader clearThreadLocalMap
SEVERE: The web application [/pentaho] created a ThreadLocal with key of type [java.lang.InheritableThreadLocal] (value [java.lang.InheritableThreadLocal@4f47b0b3]) and a value of type [org.pentaho.platform.engine.security.session.TrustedSystemStartupSession] (value [org.pentaho.platform.engine.security.session.TrustedSystemStartupSession@77ad747]) but failed to remove it when the web application was stopped. This is very likely to create a memory leak.
Jul 25, 2013 8:14:15 PM com.orientechnologies.common.log.OLogManager log
INFO: - ONetworkProtocolHttpDb /127.0.0.1:2480:
Jul 25, 2013 8:14:15 PM org.apache.catalina.loader.WebappClassLoader clearThreadLocalMap
SEVERE: The web application [/pentaho] created a ThreadLocal with key of type [java.lang.InheritableThreadLocal] (value [java.lang.InheritableThreadLocal@4f47b0b3]) and a value of type [org.pentaho.platform.engine.security.session.TrustedSystemStartupSession] (value [org.pentaho.platform.engine.security.session.TrustedSystemStartupSession@77ad747]) but failed to remove it when the web application was stopped. This is very likely to create a memory leak.
Jul 25, 2013 8:14:15 PM com.orientechnologies.common.log.OLogManager log
INFO: OrientDB Server shutdown complete
Jul 25, 2013 8:14:15 PM org.apache.catalina.loader.WebappClassLoader clearThreadLocalMap
SEVERE: The web application [/pentaho] created a ThreadLocal with key of type [java.lang.InheritableThreadLocal] (value [java.lang.InheritableThreadLocal@4f47b0b3]) and a value of type [org.pentaho.platform.engine.security.session.TrustedSystemStartupSession] (value [org.pentaho.platform.engine.security.session.TrustedSystemStartupSession@77ad747]) but failed to remove it when the web application was stopped. This is very likely to create a memory leak.
Jul 25, 2013 8:14:15 PM org.apache.catalina.loader.WebappClassLoader clearThreadLocalMap
SEVERE: The web application [/pentaho] created a ThreadLocal with key of type [java.lang.InheritableThreadLocal] (value [java.lang.InheritableThreadLocal@4f47b0b3]) and a value of type [org.pentaho.platform.engine.security.session.TrustedSystemStartupSession] (value [org.pentaho.platform.engine.security.session.TrustedSystemStartupSession@77ad747]) but failed to remove it when the web application was stopped. This is very likely to create a memory leak.
Jul 25, 2013 8:14:15 PM org.apache.catalina.loader.WebappClassLoader clearThreadLocalMap
SEVERE: The web application [/pentaho] created a ThreadLocal with key of type [java.lang.InheritableThreadLocal] (value [java.lang.InheritableThreadLocal@4f47b0b3]) and a value of type [org.pentaho.platform.engine.security.session.TrustedSystemStartupSession] (value [org.pentaho.platform.engine.security.session.TrustedSystemStartupSession@77ad747]) but failed to remove it when the web application was stopped. This is very likely to create a memory leak.
Jul 25, 2013 8:14:15 PM org.apache.catalina.loader.WebappClassLoader clearThreadLocalMap
SEVERE: The web application [/pentaho] created a ThreadLocal with key of type [java.lang.InheritableThreadLocal] (value [java.lang.InheritableThreadLocal@4f47b0b3]) and a value of type [org.pentaho.platform.engine.security.session.TrustedSystemStartupSession] (value [org.pentaho.platform.engine.security.session.TrustedSystemStartupSession@77ad747]) but failed to remove it when the web application was stopped. This is very likely to create a memory leak.
Jul 25, 2013 8:14:15 PM org.apache.catalina.loader.WebappClassLoader clearThreadLocalMap
SEVERE: The web application [/pentaho] created a ThreadLocal with key of type [java.lang.InheritableThreadLocal] (value [java.lang.InheritableThreadLocal@4f47b0b3]) and a value of type [org.pentaho.platform.engine.security.session.TrustedSystemStartupSession] (value [org.pentaho.platform.engine.security.session.TrustedSystemStartupSession@77ad747]) but failed to remove it when the web application was stopped. This is very likely to create a memory leak.
Jul 25, 2013 8:14:15 PM org.apache.catalina.loader.WebappClassLoader clearThreadLocalMap
SEVERE: The web application [/pentaho] created a ThreadLocal with key of type [java.lang.InheritableThreadLocal] (value [java.lang.InheritableThreadLocal@4f47b0b3]) and a value of type [org.pentaho.platform.engine.security.session.TrustedSystemStartupSession] (value [org.pentaho.platform.engine.security.session.TrustedSystemStartupSession@77ad747]) but failed to remove it when the web application was stopped. This is very likely to create a memory leak.
Jul 25, 2013 8:14:15 PM org.apache.catalina.loader.WebappClassLoader clearThreadLocalMap
SEVERE: The web application [/pentaho] created a ThreadLocal with key of type [java.lang.InheritableThreadLocal] (value [java.lang.InheritableThreadLocal@4f47b0b3]) and a value of type [org.pentaho.platform.engine.security.session.TrustedSystemStartupSession] (value [org.pentaho.platform.engine.security.session.TrustedSystemStartupSession@77ad747]) but failed to remove it when the web application was stopped. This is very likely to create a memory leak.
Jul 25, 2013 8:14:15 PM org.apache.catalina.loader.WebappClassLoader clearThreadLocalMap
SEVERE: The web application [/pentaho] created a ThreadLocal with key of type [java.lang.InheritableThreadLocal] (value [java.lang.InheritableThreadLocal@4f47b0b3]) and a value of type [org.pentaho.platform.engine.security.session.TrustedSystemStartupSession] (value [org.pentaho.platform.engine.security.session.TrustedSystemStartupSession@77ad747]) but failed to remove it when the web application was stopped. This is very likely to create a memory leak.
Jul 25, 2013 8:14:15 PM org.apache.catalina.loader.WebappClassLoader clearThreadLocalMap
SEVERE: The web application [/pentaho] created a ThreadLocal with key of type [java.lang.InheritableThreadLocal] (value [java.lang.InheritableThreadLocal@4f47b0b3]) and a value of type [org.pentaho.platform.engine.security.session.TrustedSystemStartupSession] (value [org.pentaho.platform.engine.security.session.TrustedSystemStartupSession@77ad747]) but failed to remove it when the web application was stopped. This is very likely to create a memory leak.
Jul 25, 2013 8:14:15 PM org.apache.catalina.loader.WebappClassLoader clearThreadLocalMap
SEVERE: The web application [/pentaho] created a ThreadLocal with key of type [java.lang.InheritableThreadLocal] (value [java.lang.InheritableThreadLocal@4f47b0b3]) and a value of type [org.pentaho.platform.engine.security.session.TrustedSystemStartupSession] (value [org.pentaho.platform.engine.security.session.TrustedSystemStartupSession@77ad747]) but failed to remove it when the web application was stopped. This is very likely to create a memory leak.
Jul 25, 2013 8:14:15 PM org.apache.catalina.loader.WebappClassLoader clearThreadLocalMap
SEVERE: The web application [/pentaho] created a ThreadLocal with key of type [java.lang.InheritableThreadLocal] (value [java.lang.InheritableThreadLocal@4f47b0b3]) and a value of type [org.pentaho.platform.engine.security.session.TrustedSystemStartupSession] (value [org.pentaho.platform.engine.security.session.TrustedSystemStartupSession@77ad747]) but failed to remove it when the web application was stopped. This is very likely to create a memory leak.
Jul 25, 2013 8:14:15 PM org.apache.catalina.loader.WebappClassLoader clearThreadLocalMap
SEVERE: The web application [/pentaho] created a ThreadLocal with key of type [java.lang.InheritableThreadLocal] (value [java.lang.InheritableThreadLocal@4f47b0b3]) and a value of type [org.pentaho.platform.engine.security.session.TrustedSystemStartupSession] (value [org.pentaho.platform.engine.security.session.TrustedSystemStartupSession@77ad747]) but failed to remove it when the web application was stopped. This is very likely to create a memory leak.
Jul 25, 2013 8:14:15 PM org.apache.catalina.loader.WebappClassLoader clearThreadLocalMap
SEVERE: The web application [/pentaho] created a ThreadLocal with key of type [java.lang.InheritableThreadLocal] (value [java.lang.InheritableThreadLocal@4f47b0b3]) and a value of type [org.pentaho.platform.engine.security.session.TrustedSystemStartupSession] (value [org.pentaho.platform.engine.security.session.TrustedSystemStartupSession@77ad747]) but failed to remove it when the web application was stopped. This is very likely to create a memory leak.
Jul 25, 2013 8:14:15 PM org.apache.catalina.loader.WebappClassLoader clearThreadLocalMap
SEVERE: The web application [/pentaho] created a ThreadLocal with key of type [java.lang.InheritableThreadLocal] (value [java.lang.InheritableThreadLocal@4f47b0b3]) and a value of type [org.pentaho.platform.engine.security.session.TrustedSystemStartupSession] (value [org.pentaho.platform.engine.security.session.TrustedSystemStartupSession@77ad747]) but failed to remove it when the web application was stopped. This is very likely to create a memory leak.
Jul 25, 2013 8:14:15 PM org.apache.catalina.loader.WebappClassLoader clearThreadLocalMap
SEVERE: The web application [/pentaho] created a ThreadLocal with key of type [java.lang.InheritableThreadLocal] (value [java.lang.InheritableThreadLocal@4f47b0b3]) and a value of type [org.pentaho.platform.engine.security.session.TrustedSystemStartupSession] (value [org.pentaho.platform.engine.security.session.TrustedSystemStartupSession@77ad747]) but failed to remove it when the web application was stopped. This is very likely to create a memory leak.
Jul 25, 2013 8:14:15 PM org.apache.catalina.loader.WebappClassLoader clearThreadLocalMap
SEVERE: The web application [/pentaho] created a ThreadLocal with key of type [java.lang.InheritableThreadLocal] (value [java.lang.InheritableThreadLocal@4f47b0b3]) and a value of type [org.pentaho.platform.engine.security.session.TrustedSystemStartupSession] (value [org.pentaho.platform.engine.security.session.TrustedSystemStartupSession@77ad747]) but failed to remove it when the web application was stopped. This is very likely to create a memory leak.
Jul 25, 2013 8:14:15 PM org.apache.catalina.loader.WebappClassLoader clearThreadLocalMap
SEVERE: The web application [/pentaho] created a ThreadLocal with key of type [java.lang.InheritableThreadLocal] (value [java.lang.InheritableThreadLocal@4f47b0b3]) and a value of type [org.pentaho.platform.engine.security.session.TrustedSystemStartupSession] (value [org.pentaho.platform.engine.security.session.TrustedSystemStartupSession@77ad747]) but failed to remove it when the web application was stopped. This is very likely to create a memory leak.
Jul 25, 2013 8:14:15 PM org.apache.catalina.loader.WebappClassLoader clearThreadLocalMap
SEVERE: The web application [/pentaho] created a ThreadLocal with key of type [java.lang.InheritableThreadLocal] (value [java.lang.InheritableThreadLocal@4f47b0b3]) and a value of type [org.pentaho.platform.engine.security.session.TrustedSystemStartupSession] (value [org.pentaho.platform.engine.security.session.TrustedSystemStartupSession@77ad747]) but failed to remove it when the web application was stopped. This is very likely to create a memory leak.
Jul 25, 2013 8:14:15 PM org.apache.catalina.loader.WebappClassLoader clearThreadLocalMap
SEVERE: The web application [/pentaho] created a ThreadLocal with key of type [java.lang.InheritableThreadLocal] (value [java.lang.InheritableThreadLocal@4f47b0b3]) and a value of type [org.pentaho.platform.engine.security.session.TrustedSystemStartupSession] (value [org.pentaho.platform.engine.security.session.TrustedSystemStartupSession@77ad747]) but failed to remove it when the web application was stopped. This is very likely to create a memory leak.
Jul 25, 2013 8:14:15 PM org.apache.catalina.loader.WebappClassLoader clearThreadLocalMap
SEVERE: The web application [/pentaho] created a ThreadLocal with key of type [java.lang.InheritableThreadLocal] (value [java.lang.InheritableThreadLocal@4f47b0b3]) and a value of type [org.pentaho.platform.engine.security.session.TrustedSystemStartupSession] (value [org.pentaho.platform.engine.security.session.TrustedSystemStartupSession@77ad747]) but failed to remove it when the web application was stopped. This is very likely to create a memory leak.
Jul 25, 2013 8:14:15 PM org.apache.catalina.loader.WebappClassLoader clearThreadLocalMap
SEVERE: The web application [/pentaho] created a ThreadLocal with key of type [java.lang.InheritableThreadLocal] (value [java.lang.InheritableThreadLocal@4f47b0b3]) and a value of type [org.pentaho.platform.engine.security.session.TrustedSystemStartupSession] (value [org.pentaho.platform.engine.security.session.TrustedSystemStartupSession@77ad747]) but failed to remove it when the web application was stopped. This is very likely to create a memory leak.
Jul 25, 2013 8:14:15 PM org.apache.catalina.loader.WebappClassLoader clearThreadLocalMap
SEVERE: The web application [/pentaho] created a ThreadLocal with key of type [java.lang.InheritableThreadLocal] (value [java.lang.InheritableThreadLocal@4f47b0b3]) and a value of type [org.pentaho.platform.engine.security.session.TrustedSystemStartupSession] (value [org.pentaho.platform.engine.security.session.TrustedSystemStartupSession@77ad747]) but failed to remove it when the web application was stopped. This is very likely to create a memory leak.
Jul 25, 2013 8:14:15 PM org.apache.catalina.loader.WebappClassLoader clearThreadLocalMap
SEVERE: The web application [/pentaho] created a ThreadLocal with key of type [java.lang.InheritableThreadLocal] (value [java.lang.InheritableThreadLocal@4f47b0b3]) and a value of type [org.pentaho.platform.engine.security.session.TrustedSystemStartupSession] (value [org.pentaho.platform.engine.security.session.TrustedSystemStartupSession@77ad747]) but failed to remove it when the web application was stopped. This is very likely to create a memory leak.
Jul 25, 2013 8:14:15 PM org.apache.catalina.loader.WebappClassLoader clearThreadLocalMap
SEVERE: The web application [/pentaho] created a ThreadLocal with key of type [java.lang.InheritableThreadLocal] (value [java.lang.InheritableThreadLocal@4f47b0b3]) and a value of type [org.pentaho.platform.engine.security.session.TrustedSystemStartupSession] (value [org.pentaho.platform.engine.security.session.TrustedSystemStartupSession@77ad747]) but failed to remove it when the web application was stopped. This is very likely to create a memory leak.
Jul 25, 2013 8:14:15 PM org.apache.catalina.loader.WebappClassLoader clearThreadLocalMap
SEVERE: The web application [/pentaho] created a ThreadLocal with key of type [java.lang.InheritableThreadLocal] (value [java.lang.InheritableThreadLocal@4f47b0b3]) and a value of type [org.pentaho.platform.engine.security.session.TrustedSystemStartupSession] (value [org.pentaho.platform.engine.security.session.TrustedSystemStartupSession@77ad747]) but failed to remove it when the web application was stopped. This is very likely to create a memory leak.
Jul 25, 2013 8:14:15 PM org.apache.catalina.loader.WebappClassLoader clearThreadLocalMap
SEVERE: The web application [/pentaho] created a ThreadLocal with key of type [java.lang.InheritableThreadLocal] (value [java.lang.InheritableThreadLocal@4f47b0b3]) and a value of type [org.pentaho.platform.engine.security.session.TrustedSystemStartupSession] (value [org.pentaho.platform.engine.security.session.TrustedSystemStartupSession@77ad747]) but failed to remove it when the web application was stopped. This is very likely to create a memory leak.
Jul 25, 2013 8:14:15 PM org.apache.catalina.loader.WebappClassLoader clearThreadLocalMap
SEVERE: The web application [/pentaho] created a ThreadLocal with key of type [java.lang.InheritableThreadLocal] (value [java.lang.InheritableThreadLocal@4f47b0b3]) and a value of type [org.pentaho.platform.engine.security.session.TrustedSystemStartupSession] (value [org.pentaho.platform.engine.security.session.TrustedSystemStartupSession@77ad747]) but failed to remove it when the web application was stopped. This is very likely to create a memory leak.
Jul 25, 2013 8:14:15 PM org.apache.catalina.loader.WebappClassLoader clearThreadLocalMap
SEVERE: The web application [/pentaho] created a ThreadLocal with key of type [java.lang.InheritableThreadLocal] (value [java.lang.InheritableThreadLocal@4f47b0b3]) and a value of type [org.pentaho.platform.engine.security.session.TrustedSystemStartupSession] (value [org.pentaho.platform.engine.security.session.TrustedSystemStartupSession@77ad747]) but failed to remove it when the web application was stopped. This is very likely to create a memory leak.
Jul 25, 2013 8:14:15 PM org.apache.catalina.loader.WebappClassLoader clearThreadLocalMap
SEVERE: The web application [/pentaho] created a ThreadLocal with key of type [java.lang.InheritableThreadLocal] (value [java.lang.InheritableThreadLocal@4f47b0b3]) and a value of type [org.pentaho.platform.engine.security.session.TrustedSystemStartupSession] (value [org.pentaho.platform.engine.security.session.TrustedSystemStartupSession@77ad747]) but failed to remove it when the web application was stopped. This is very likely to create a memory leak.
Jul 25, 2013 8:14:15 PM org.apache.catalina.loader.WebappClassLoader clearThreadLocalMap
SEVERE: The web application [/pentaho] created a ThreadLocal with key of type [java.lang.InheritableThreadLocal] (value [java.lang.InheritableThreadLocal@4f47b0b3]) and a value of type [org.pentaho.platform.engine.security.session.TrustedSystemStartupSession] (value [org.pentaho.platform.engine.security.session.TrustedSystemStartupSession@77ad747]) but failed to remove it when the web application was stopped. This is very likely to create a memory leak.
Jul 25, 2013 8:14:15 PM org.apache.catalina.loader.WebappClassLoader clearThreadLocalMap
SEVERE: The web application [/pentaho] created a ThreadLocal with key of type [java.lang.InheritableThreadLocal] (value [java.lang.InheritableThreadLocal@4f47b0b3]) and a value of type [org.pentaho.platform.engine.security.session.TrustedSystemStartupSession] (value [org.pentaho.platform.engine.security.session.TrustedSystemStartupSession@77ad747]) but failed to remove it when the web application was stopped. This is very likely to create a memory leak.
Jul 25, 2013 8:14:15 PM org.apache.catalina.loader.WebappClassLoader clearThreadLocalMap
SEVERE: The web application [/pentaho] created a ThreadLocal with key of type [java.lang.InheritableThreadLocal] (value [java.lang.InheritableThreadLocal@4f47b0b3]) and a value of type [org.pentaho.platform.engine.security.session.TrustedSystemStartupSession] (value [org.pentaho.platform.engine.security.session.TrustedSystemStartupSession@77ad747]) but failed to remove it when the web application was stopped. This is very likely to create a memory leak.
Jul 25, 2013 8:14:15 PM org.apache.catalina.loader.WebappClassLoader clearThreadLocalMap
SEVERE: The web application [/pentaho] created a ThreadLocal with key of type [java.lang.InheritableThreadLocal] (value [java.lang.InheritableThreadLocal@4f47b0b3]) and a value of type [org.pentaho.platform.engine.security.session.TrustedSystemStartupSession] (value [org.pentaho.platform.engine.security.session.TrustedSystemStartupSession@77ad747]) but failed to remove it when the web application was stopped. This is very likely to create a memory leak.
Jul 25, 2013 8:14:15 PM org.apache.catalina.loader.WebappClassLoader clearThreadLocalMap
SEVERE: The web application [/pentaho] created a ThreadLocal with key of type [java.lang.InheritableThreadLocal] (value [java.lang.InheritableThreadLocal@4f47b0b3]) and a value of type [org.pentaho.platform.engine.security.session.TrustedSystemStartupSession] (value [org.pentaho.platform.engine.security.session.TrustedSystemStartupSession@77ad747]) but failed to remove it when the web application was stopped. This is very likely to create a memory leak.
Jul 25, 2013 8:14:15 PM org.apache.catalina.loader.WebappClassLoader clearThreadLocalMap
SEVERE: The web application [/pentaho] created a ThreadLocal with key of type [java.lang.InheritableThreadLocal] (value [java.lang.InheritableThreadLocal@4f47b0b3]) and a value of type [org.pentaho.platform.engine.security.session.TrustedSystemStartupSession] (value [org.pentaho.platform.engine.security.session.TrustedSystemStartupSession@77ad747]) but failed to remove it when the web application was stopped. This is very likely to create a memory leak.
Jul 25, 2013 8:14:15 PM org.apache.catalina.loader.WebappClassLoader clearThreadLocalMap
SEVERE: The web application [/pentaho] created a ThreadLocal with key of type [java.lang.InheritableThreadLocal] (value [java.lang.InheritableThreadLocal@4f47b0b3]) and a value of type [org.pentaho.platform.engine.security.session.TrustedSystemStartupSession] (value [org.pentaho.platform.engine.security.session.TrustedSystemStartupSession@77ad747]) but failed to remove it when the web application was stopped. This is very likely to create a memory leak.
Jul 25, 2013 8:14:15 PM org.apache.catalina.loader.WebappClassLoader clearThreadLocalMap
SEVERE: The web application [/pentaho] created a ThreadLocal with key of type [java.lang.InheritableThreadLocal] (value [java.lang.InheritableThreadLocal@4f47b0b3]) and a value of type [org.pentaho.platform.engine.security.session.TrustedSystemStartupSession] (value [org.pentaho.platform.engine.security.session.TrustedSystemStartupSession@77ad747]) but failed to remove it when the web application was stopped. This is very likely to create a memory leak.
Jul 25, 2013 8:14:15 PM org.apache.catalina.loader.WebappClassLoader clearThreadLocalMap
SEVERE: The web application [/pentaho] created a ThreadLocal with key of type [java.lang.InheritableThreadLocal] (value [java.lang.InheritableThreadLocal@4f47b0b3]) and a value of type [org.pentaho.platform.engine.security.session.TrustedSystemStartupSession] (value [org.pentaho.platform.engine.security.session.TrustedSystemStartupSession@77ad747]) but failed to remove it when the web application was stopped. This is very likely to create a memory leak.
Jul 25, 2013 8:14:15 PM org.apache.catalina.loader.WebappClassLoader clearThreadLocalMap
SEVERE: The web application [/pentaho] created a ThreadLocal with key of type [java.lang.ThreadLocal] (value [java.lang.ThreadLocal@1648a3c5]) and a value of type [org.pentaho.platform.engine.core.system.UserSession] (value [org.pentaho.platform.engine.core.system.UserSession@279a6281]) but failed to remove it when the web application was stopped. This is very likely to create a memory leak.
Jul 25, 2013 8:14:15 PM org.apache.catalina.loader.WebappClassLoader clearThreadLocalMap
SEVERE: The web application [/pentaho] created a ThreadLocal with key of type [java.lang.ThreadLocal] (value [java.lang.ThreadLocal@536f570b]) and a value of type [org.hibernate.impl.SessionImpl] (value [SessionImpl(PersistenceContext[entityKeys=[EntityKey[org.pentaho.platform.repository.solution.dbbased.RepositoryFile#0abf6978-8e8f-11e2-b8ad-83d260ed6d77]],collectionKeys=[CollectionKey[org.pentaho.platform.repository.solution.dbbased.RepositoryFile.accessControls#0abf6978-8e8f-11e2-b8ad-83d260ed6d77], CollectionKey[org.pentaho.platform.repository.solution.dbbased.RepositoryFile.childrenFiles#0abf6978-8e8f-11e2-b8ad-83d260ed6d77]]];ActionQueue[insertions=[] updates=[] deletions=[] collectionCreations=[] collectionRemovals=[] collectionUpdates=[]])]) but failed to remove it when the web application was stopped. This is very likely to create a memory leak.
Jul 25, 2013 8:14:15 PM org.apache.catalina.loader.WebappClassLoader clearThreadLocalMap
SEVERE: The web application [/pentaho] created a ThreadLocal with key of type [java.lang.InheritableThreadLocal] (value [java.lang.InheritableThreadLocal@4f47b0b3]) and a value of type [org.pentaho.platform.engine.security.session.TrustedSystemStartupSession] (value [org.pentaho.platform.engine.security.session.TrustedSystemStartupSession@77ad747]) but failed to remove it when the web application was stopped. This is very likely to create a memory leak.
Jul 25, 2013 8:14:15 PM org.apache.catalina.loader.WebappClassLoader clearThreadLocalMap
SEVERE: The web application [/pentaho] created a ThreadLocal with key of type [java.lang.InheritableThreadLocal] (value [java.lang.InheritableThreadLocal@4f47b0b3]) and a value of type [org.pentaho.platform.engine.security.session.TrustedSystemStartupSession] (value [org.pentaho.platform.engine.security.session.TrustedSystemStartupSession@77ad747]) but failed to remove it when the web application was stopped. This is very likely to create a memory leak.
Jul 25, 2013 8:14:15 PM org.apache.catalina.loader.WebappClassLoader clearThreadLocalMap
SEVERE: The web application [/pentaho] created a ThreadLocal with key of type [java.lang.InheritableThreadLocal] (value [java.lang.InheritableThreadLocal@4f47b0b3]) and a value of type [org.pentaho.platform.engine.security.session.TrustedSystemStartupSession] (value [org.pentaho.platform.engine.security.session.TrustedSystemStartupSession@77ad747]) but failed to remove it when the web application was stopped. This is very likely to create a memory leak.
Jul 25, 2013 8:14:15 PM org.apache.catalina.loader.WebappClassLoader clearThreadLocalMap
SEVERE: The web application [/pentaho] created a ThreadLocal with key of type [java.lang.InheritableThreadLocal] (value [java.lang.InheritableThreadLocal@4f47b0b3]) and a value of type [org.pentaho.platform.engine.security.session.TrustedSystemStartupSession] (value [org.pentaho.platform.engine.security.session.TrustedSystemStartupSession@77ad747]) but failed to remove it when the web application was stopped. This is very likely to create a memory leak.
Jul 25, 2013 8:14:15 PM org.apache.catalina.loader.WebappClassLoader clearThreadLocalMap
SEVERE: The web application [/pentaho] created a ThreadLocal with key of type [java.lang.InheritableThreadLocal] (value [java.lang.InheritableThreadLocal@4f47b0b3]) and a value of type [org.pentaho.platform.engine.security.session.TrustedSystemStartupSession] (value [org.pentaho.platform.engine.security.session.TrustedSystemStartupSession@77ad747]) but failed to remove it when the web application was stopped. This is very likely to create a memory leak.
Jul 25, 2013 8:14:15 PM org.apache.catalina.loader.WebappClassLoader clearThreadLocalMap
SEVERE: The web application [/pentaho] created a ThreadLocal with key of type [java.lang.InheritableThreadLocal] (value [java.lang.InheritableThreadLocal@4f47b0b3]) and a value of type [org.pentaho.platform.engine.security.session.TrustedSystemStartupSession] (value [org.pentaho.platform.engine.security.session.TrustedSystemStartupSession@77ad747]) but failed to remove it when the web application was stopped. This is very likely to create a memory leak.
Jul 25, 2013 8:14:15 PM org.apache.catalina.loader.WebappClassLoader clearThreadLocalMap
SEVERE: The web application [/pentaho] created a ThreadLocal with key of type [java.lang.InheritableThreadLocal] (value [java.lang.InheritableThreadLocal@4f47b0b3]) and a value of type [org.pentaho.platform.engine.security.session.TrustedSystemStartupSession] (value [org.pentaho.platform.engine.security.session.TrustedSystemStartupSession@77ad747]) but failed to remove it when the web application was stopped. This is very likely to create a memory leak.
Jul 25, 2013 8:14:15 PM org.apache.catalina.loader.WebappClassLoader clearThreadLocalMap
SEVERE: The web application [/pentaho] created a ThreadLocal with key of type [java.lang.InheritableThreadLocal] (value [java.lang.InheritableThreadLocal@4f47b0b3]) and a value of type [org.pentaho.platform.engine.security.session.TrustedSystemStartupSession] (value [org.pentaho.platform.engine.security.session.TrustedSystemStartupSession@77ad747]) but failed to remove it when the web application was stopped. This is very likely to create a memory leak.
Jul 25, 2013 8:14:15 PM org.apache.catalina.loader.WebappClassLoader clearThreadLocalMap
SEVERE: The web application [/pentaho] created a ThreadLocal with key of type [java.lang.InheritableThreadLocal] (value [java.lang.InheritableThreadLocal@4f47b0b3]) and a value of type [org.pentaho.platform.engine.security.session.TrustedSystemStartupSession] (value [org.pentaho.platform.engine.security.session.TrustedSystemStartupSession@77ad747]) but failed to remove it when the web application was stopped. This is very likely to create a memory leak.
Jul 25, 2013 8:14:15 PM org.apache.catalina.loader.WebappClassLoader clearThreadLocalMap
SEVERE: The web application [/pentaho] created a ThreadLocal with key of type [java.lang.InheritableThreadLocal] (value [java.lang.InheritableThreadLocal@4f47b0b3]) and a value of type [org.pentaho.platform.engine.security.session.TrustedSystemStartupSession] (value [org.pentaho.platform.engine.security.session.TrustedSystemStartupSession@77ad747]) but failed to remove it when the web application was stopped. This is very likely to create a memory leak.
Jul 25, 2013 8:14:15 PM org.apache.catalina.loader.WebappClassLoader clearThreadLocalMap
SEVERE: The web application [/pentaho] created a ThreadLocal with key of type [java.lang.InheritableThreadLocal] (value [java.lang.InheritableThreadLocal@4f47b0b3]) and a value of type [org.pentaho.platform.engine.security.session.TrustedSystemStartupSession] (value [org.pentaho.platform.engine.security.session.TrustedSystemStartupSession@77ad747]) but failed to remove it when the web application was stopped. This is very likely to create a memory leak.
Jul 25, 2013 8:14:15 PM org.apache.catalina.loader.WebappClassLoader clearThreadLocalMap
SEVERE: The web application [/pentaho] created a ThreadLocal with key of type [java.lang.InheritableThreadLocal] (value [java.lang.InheritableThreadLocal@4f47b0b3]) and a value of type [org.pentaho.platform.engine.security.session.TrustedSystemStartupSession] (value [org.pentaho.platform.engine.security.session.TrustedSystemStartupSession@77ad747]) but failed to remove it when the web application was stopped. This is very likely to create a memory leak.
Jul 25, 2013 8:14:15 PM org.apache.catalina.loader.WebappClassLoader clearThreadLocalMap
SEVERE: The web application [/pentaho] created a ThreadLocal with key of type [java.lang.InheritableThreadLocal] (value [java.lang.InheritableThreadLocal@4f47b0b3]) and a value of type [org.pentaho.platform.engine.security.session.TrustedSystemStartupSession] (value [org.pentaho.platform.engine.security.session.TrustedSystemStartupSession@77ad747]) but failed to remove it when the web application was stopped. This is very likely to create a memory leak.
Jul 25, 2013 8:14:15 PM org.apache.catalina.loader.WebappClassLoader clearThreadLocalMap
SEVERE: The web application [/pentaho] created a ThreadLocal with key of type [java.lang.InheritableThreadLocal] (value [java.lang.InheritableThreadLocal@4f47b0b3]) and a value of type [org.pentaho.platform.engine.security.session.TrustedSystemStartupSession] (value [org.pentaho.platform.engine.security.session.TrustedSystemStartupSession@77ad747]) but failed to remove it when the web application was stopped. This is very likely to create a memory leak.
Jul 25, 2013 8:14:15 PM org.apache.catalina.loader.WebappClassLoader clearThreadLocalMap
SEVERE: The web application [/pentaho] created a ThreadLocal with key of type [java.lang.InheritableThreadLocal] (value [java.lang.InheritableThreadLocal@4f47b0b3]) and a value of type [org.pentaho.platform.engine.security.session.TrustedSystemStartupSession] (value [org.pentaho.platform.engine.security.session.TrustedSystemStartupSession@77ad747]) but failed to remove it when the web application was stopped. This is very likely to create a memory leak.
Jul 25, 2013 8:14:15 PM org.apache.catalina.loader.WebappClassLoader clearThreadLocalMap
SEVERE: The web application [/pentaho] created a ThreadLocal with key of type [java.lang.InheritableThreadLocal] (value [java.lang.InheritableThreadLocal@4f47b0b3]) and a value of type [org.pentaho.platform.engine.security.session.TrustedSystemStartupSession] (value [org.pentaho.platform.engine.security.session.TrustedSystemStartupSession@77ad747]) but failed to remove it when the web application was stopped. This is very likely to create a memory leak.
Jul 25, 2013 8:14:15 PM org.apache.catalina.loader.WebappClassLoader clearThreadLocalMap
SEVERE: The web application [/pentaho] created a ThreadLocal with key of type [java.lang.InheritableThreadLocal] (value [java.lang.InheritableThreadLocal@4f47b0b3]) and a value of type [org.pentaho.platform.engine.security.session.TrustedSystemStartupSession] (value [org.pentaho.platform.engine.security.session.TrustedSystemStartupSession@77ad747]) but failed to remove it when the web application was stopped. This is very likely to create a memory leak.
Jul 25, 2013 8:14:15 PM org.apache.catalina.loader.WebappClassLoader clearThreadLocalMap
SEVERE: The web application [/pentaho] created a ThreadLocal with key of type [java.lang.InheritableThreadLocal] (value [java.lang.InheritableThreadLocal@4f47b0b3]) and a value of type [org.pentaho.platform.engine.security.session.TrustedSystemStartupSession] (value [org.pentaho.platform.engine.security.session.TrustedSystemStartupSession@77ad747]) but failed to remove it when the web application was stopped. This is very likely to create a memory leak.
Jul 25, 2013 8:14:15 PM org.apache.catalina.loader.WebappClassLoader clearThreadLocalMap
SEVERE: The web application [/pentaho] created a ThreadLocal with key of type [java.lang.InheritableThreadLocal] (value [java.lang.InheritableThreadLocal@4f47b0b3]) and a value of type [org.pentaho.platform.engine.security.session.TrustedSystemStartupSession] (value [org.pentaho.platform.engine.security.session.TrustedSystemStartupSession@77ad747]) but failed to remove it when the web application was stopped. This is very likely to create a memory leak.
Jul 25, 2013 8:14:15 PM org.apache.catalina.loader.WebappClassLoader clearThreadLocalMap
SEVERE: The web application [/pentaho] created a ThreadLocal with key of type [null] (value [null]) and a value of type [org.pentaho.platform.web.http.session.PentahoHttpSession] (value [org.pentaho.platform.web.http.session.PentahoHttpSession@7fedff81]) but failed to remove it when the web application was stopped. This is very likely to create a memory leak.
Jul 25, 2013 8:14:15 PM org.apache.catalina.loader.WebappClassLoader clearThreadLocalMap
SEVERE: The web application [/pentaho] created a ThreadLocal with key of type [null] (value [null]) and a value of type [org.pentaho.platform.web.http.session.PentahoHttpSession] (value [org.pentaho.platform.web.http.session.PentahoHttpSession@7fedff81]) but failed to remove it when the web application was stopped. This is very likely to create a memory leak.
Jul 25, 2013 8:14:15 PM org.apache.catalina.loader.WebappClassLoader clearThreadLocalMap
SEVERE: The web application [/pentaho] created a ThreadLocal with key of type [null] (value [null]) and a value of type [org.pentaho.platform.engine.core.system.StandaloneSession] (value [org.pentaho.platform.engine.core.system.StandaloneSession@552b7860]) but failed to remove it when the web application was stopped. This is very likely to create a memory leak.
Jul 25, 2013 8:14:15 PM org.apache.catalina.loader.WebappClassLoader clearThreadLocalMap
SEVERE: The web application [/pentaho] created a ThreadLocal with key of type [java.lang.InheritableThreadLocal] (value [java.lang.InheritableThreadLocal@4f47b0b3]) and a value of type [org.pentaho.platform.engine.security.session.TrustedSystemStartupSession] (value [org.pentaho.platform.engine.security.session.TrustedSystemStartupSession@77ad747]) but failed to remove it when the web application was stopped. This is very likely to create a memory leak.
Jul 25, 2013 8:14:15 PM org.apache.catalina.loader.WebappClassLoader clearThreadLocalMap
SEVERE: The web application [/pentaho] created a ThreadLocal with key of type [java.lang.InheritableThreadLocal] (value [java.lang.InheritableThreadLocal@4f47b0b3]) and a value of type [org.pentaho.platform.engine.security.session.TrustedSystemStartupSession] (value [org.pentaho.platform.engine.security.session.TrustedSystemStartupSession@77ad747]) but failed to remove it when the web application was stopped. This is very likely to create a memory leak.
Jul 25, 2013 8:14:16 PM org.apache.coyote.http11.Http11Protocol destroy
INFO: Stopping Coyote HTTP/1.1 on http-8080
